[0m13:20:37.036896 [debug] [MainThread]: Sending event: {'category': 'dbt', 'action': 'invocation', 'label': 'start', 'context': [<snowplow_tracker.self_describing_json.SelfDescribingJson object at 0x00000211A178AC60>, <snowplow_tracker.self_describing_json.SelfDescribingJson object at 0x00000211A13B4BF0>, <snowplow_tracker.self_describing_json.SelfDescribingJson object at 0x00000211A134F200>]}


============================== 13:20:37.036896 | 431b02af-58a6-4ad8-849e-9e603838552f ==============================
[0m13:20:37.036896 [info ] [MainThread]: Running with dbt=1.9.1
[0m13:20:37.036896 [debug] [MainThread]: running dbt with arguments {'printer_width': '80', 'indirect_selection': 'eager', 'write_json': 'True', 'log_cache_events': 'False', 'partial_parse': 'True', 'cache_selected_only': 'False', 'warn_error': 'None', 'debug': 'False', 'profiles_dir': 'C:\\Users\\Asus\\.dbt', 'log_path': 'logs', 'version_check': 'True', 'fail_fast': 'False', 'use_colors': 'True', 'use_experimental_parser': 'False', 'no_print': 'None', 'quiet': 'False', 'empty': 'None', 'log_format': 'default', 'introspect': 'True', 'invocation_command': 'dbt debug', 'warn_error_options': 'WarnErrorOptions(include=[], exclude=[])', 'target_path': 'None', 'static_parser': 'True', 'send_anonymous_usage_stats': 'True'}
[0m13:20:37.085113 [info ] [MainThread]: dbt version: 1.9.1
[0m13:20:37.085113 [info ] [MainThread]: python version: 3.12.8
[0m13:20:37.085113 [info ] [MainThread]: python path: C:\Users\Asus\PycharmProjects\dbtProject\.venv\Scripts\python.exe
[0m13:20:37.100742 [info ] [MainThread]: os info: Windows-10-10.0.19045-SP0
[0m13:20:37.116365 [info ] [MainThread]: Error importing adapter: No module named 'dbt.adapters.sqlserver'
[0m13:20:37.116365 [info ] [MainThread]: Using profiles dir at C:\Users\Asus\.dbt
[0m13:20:37.116365 [info ] [MainThread]: Using profiles.yml file at C:\Users\Asus\.dbt\profiles.yml
[0m13:20:37.129178 [info ] [MainThread]: Using dbt_project.yml file at C:\Users\Asus\PycharmProjects\dbtProject\dbt_project.yml
[0m13:20:37.129178 [info ] [MainThread]: Configuration:
[0m13:20:37.129178 [info ] [MainThread]:   profiles.yml file [[31mERROR invalid[0m]
[0m13:20:37.129178 [info ] [MainThread]:   dbt_project.yml file [[31mERROR not found[0m]
[0m13:20:37.129178 [info ] [MainThread]: Required dependencies:
[0m13:20:37.129178 [debug] [MainThread]: Executing "git --help"
[0m13:20:37.242262 [debug] [MainThread]: STDOUT: "b"usage: git [-v | --version] [-h | --help] [-C <path>] [-c <name>=<value>]\n           [--exec-path[=<path>]] [--html-path] [--man-path] [--info-path]\n           [-p | --paginate | -P | --no-pager] [--no-replace-objects] [--no-lazy-fetch]\n           [--no-optional-locks] [--no-advice] [--bare] [--git-dir=<path>]\n           [--work-tree=<path>] [--namespace=<name>] [--config-env=<name>=<envvar>]\n           <command> [<args>]\n\nThese are common Git commands used in various situations:\n\nstart a working area (see also: git help tutorial)\n   clone      Clone a repository into a new directory\n   init       Create an empty Git repository or reinitialize an existing one\n\nwork on the current change (see also: git help everyday)\n   add        Add file contents to the index\n   mv         Move or rename a file, a directory, or a symlink\n   restore    Restore working tree files\n   rm         Remove files from the working tree and from the index\n\nexamine the history and state (see also: git help revisions)\n   bisect     Use binary search to find the commit that introduced a bug\n   diff       Show changes between commits, commit and working tree, etc\n   grep       Print lines matching a pattern\n   log        Show commit logs\n   show       Show various types of objects\n   status     Show the working tree status\n\ngrow, mark and tweak your common history\n   backfill   Download missing objects in a partial clone\n   branch     List, create, or delete branches\n   commit     Record changes to the repository\n   merge      Join two or more development histories together\n   rebase     Reapply commits on top of another base tip\n   reset      Reset current HEAD to the specified state\n   switch     Switch branches\n   tag        Create, list, delete or verify a tag object signed with GPG\n\ncollaborate (see also: git help workflows)\n   fetch      Download objects and refs from another repository\n   pull       Fetch from and integrate with another repository or a local branch\n   push       Update remote refs along with associated objects\n\n'git help -a' and 'git help -g' list available subcommands and some\nconcept guides. See 'git help <command>' or 'git help <concept>'\nto read about a specific subcommand or concept.\nSee 'git help git' for an overview of the system.\n""
[0m13:20:37.242262 [debug] [MainThread]: STDERR: "b''"
[0m13:20:37.242262 [info ] [MainThread]:  - git [[32mOK found[0m]

[0m13:20:37.242262 [info ] [MainThread]: Connection test skipped since no profile was found
[0m13:20:37.251814 [info ] [MainThread]: [31m2 checks failed:[0m
[0m13:20:37.251814 [info ] [MainThread]: Could not load dbt_project.yml
Profile loading failed for the following reason:
Runtime Error
  Credentials in profile "dbt_model", target "dev" invalid: Runtime Error
    Could not find adapter type sqlserver!


[0m13:20:37.251814 [info ] [MainThread]: Project loading failed for the following reason:
 project path <C:\Users\Asus\PycharmProjects\dbtProject\dbt_project.yml> not found

[0m13:20:37.260875 [debug] [MainThread]: Command `dbt debug` failed at 13:20:37.260245 after 0.60 seconds
[0m13:20:37.262228 [debug] [MainThread]: Sending event: {'category': 'dbt', 'action': 'invocation', 'label': 'end', 'context': [<snowplow_tracker.self_describing_json.SelfDescribingJson object at 0x00000211A178AC60>, <snowplow_tracker.self_describing_json.SelfDescribingJson object at 0x00000211A18EFEC0>, <snowplow_tracker.self_describing_json.SelfDescribingJson object at 0x00000211A112B7D0>]}
[0m13:20:37.262228 [debug] [MainThread]: Flushing usage events
[0m13:20:38.090440 [debug] [MainThread]: An error was encountered while trying to flush usage events
[0m13:27:11.000596 [debug] [MainThread]: Sending event: {'category': 'dbt', 'action': 'invocation', 'label': 'start', 'context': [<snowplow_tracker.self_describing_json.SelfDescribingJson object at 0x000001B9A93D45C0>, <snowplow_tracker.self_describing_json.SelfDescribingJson object at 0x000001B9A5AE7050>, <snowplow_tracker.self_describing_json.SelfDescribingJson object at 0x000001B9A8CC2CF0>]}


============================== 13:27:11.000596 | cfb0688b-3134-408f-89a5-cf8674b8e648 ==============================
[0m13:27:11.000596 [info ] [MainThread]: Running with dbt=1.8.9
[0m13:27:11.016217 [debug] [MainThread]: running dbt with arguments {'printer_width': '80', 'indirect_selection': 'eager', 'write_json': 'True', 'log_cache_events': 'False', 'partial_parse': 'True', 'cache_selected_only': 'False', 'profiles_dir': 'C:\\Users\\Asus\\.dbt', 'version_check': 'True', 'fail_fast': 'False', 'log_path': 'logs', 'debug': 'False', 'warn_error': 'None', 'use_colors': 'True', 'use_experimental_parser': 'False', 'no_print': 'None', 'quiet': 'False', 'empty': 'None', 'log_format': 'default', 'static_parser': 'True', 'invocation_command': 'dbt debug', 'introspect': 'True', 'target_path': 'None', 'warn_error_options': 'WarnErrorOptions(include=[], exclude=[])', 'send_anonymous_usage_stats': 'True'}
[0m13:27:11.110685 [info ] [MainThread]: dbt version: 1.8.9
[0m13:27:11.110685 [info ] [MainThread]: python version: 3.12.8
[0m13:27:11.110685 [info ] [MainThread]: python path: C:\Users\Asus\PycharmProjects\dbtProject\.venv\Scripts\python.exe
[0m13:27:11.110685 [info ] [MainThread]: os info: Windows-10-10.0.19045-SP0
[0m13:27:17.728651 [info ] [MainThread]: Using profiles dir at C:\Users\Asus\.dbt
[0m13:27:17.728651 [info ] [MainThread]: Using profiles.yml file at C:\Users\Asus\.dbt\profiles.yml
[0m13:27:17.728651 [info ] [MainThread]: Using dbt_project.yml file at C:\Users\Asus\PycharmProjects\dbtProject\dbt_project.yml
[0m13:27:17.728651 [info ] [MainThread]: adapter type: sqlserver
[0m13:27:17.728651 [info ] [MainThread]: adapter version: 1.8.5
[0m13:27:17.728651 [info ] [MainThread]: Configuration:
[0m13:27:17.728651 [info ] [MainThread]:   profiles.yml file [[32mOK found and valid[0m]
[0m13:27:17.728651 [info ] [MainThread]:   dbt_project.yml file [[31mERROR not found[0m]
[0m13:27:17.742017 [info ] [MainThread]: Required dependencies:
[0m13:27:17.742017 [debug] [MainThread]: Executing "git --help"
[0m13:27:17.826720 [debug] [MainThread]: STDOUT: "b"usage: git [-v | --version] [-h | --help] [-C <path>] [-c <name>=<value>]\n           [--exec-path[=<path>]] [--html-path] [--man-path] [--info-path]\n           [-p | --paginate | -P | --no-pager] [--no-replace-objects] [--no-lazy-fetch]\n           [--no-optional-locks] [--no-advice] [--bare] [--git-dir=<path>]\n           [--work-tree=<path>] [--namespace=<name>] [--config-env=<name>=<envvar>]\n           <command> [<args>]\n\nThese are common Git commands used in various situations:\n\nstart a working area (see also: git help tutorial)\n   clone      Clone a repository into a new directory\n   init       Create an empty Git repository or reinitialize an existing one\n\nwork on the current change (see also: git help everyday)\n   add        Add file contents to the index\n   mv         Move or rename a file, a directory, or a symlink\n   restore    Restore working tree files\n   rm         Remove files from the working tree and from the index\n\nexamine the history and state (see also: git help revisions)\n   bisect     Use binary search to find the commit that introduced a bug\n   diff       Show changes between commits, commit and working tree, etc\n   grep       Print lines matching a pattern\n   log        Show commit logs\n   show       Show various types of objects\n   status     Show the working tree status\n\ngrow, mark and tweak your common history\n   backfill   Download missing objects in a partial clone\n   branch     List, create, or delete branches\n   commit     Record changes to the repository\n   merge      Join two or more development histories together\n   rebase     Reapply commits on top of another base tip\n   reset      Reset current HEAD to the specified state\n   switch     Switch branches\n   tag        Create, list, delete or verify a tag object signed with GPG\n\ncollaborate (see also: git help workflows)\n   fetch      Download objects and refs from another repository\n   pull       Fetch from and integrate with another repository or a local branch\n   push       Update remote refs along with associated objects\n\n'git help -a' and 'git help -g' list available subcommands and some\nconcept guides. See 'git help <command>' or 'git help <concept>'\nto read about a specific subcommand or concept.\nSee 'git help git' for an overview of the system.\n""
[0m13:27:17.826720 [debug] [MainThread]: STDERR: "b''"
[0m13:27:17.826720 [info ] [MainThread]:  - git [[32mOK found[0m]

[0m13:27:17.826720 [info ] [MainThread]: Connection:
[0m13:27:17.842346 [info ] [MainThread]:   server: tsql2020.database.windows.net
[0m13:27:17.842346 [info ] [MainThread]:   database: tsql
[0m13:27:17.842346 [info ] [MainThread]:   schema: andrey_lab2
[0m13:27:17.842346 [info ] [MainThread]:   UID: student
[0m13:27:17.842346 [info ] [MainThread]:   client_id: None
[0m13:27:17.842346 [info ] [MainThread]:   authentication: sql
[0m13:27:17.842346 [info ] [MainThread]:   encrypt: True
[0m13:27:17.842346 [info ] [MainThread]:   trust_cert: False
[0m13:27:17.842346 [info ] [MainThread]:   retries: 3
[0m13:27:17.842346 [info ] [MainThread]:   login_timeout: 0
[0m13:27:17.842346 [info ] [MainThread]:   query_timeout: 0
[0m13:27:17.842346 [info ] [MainThread]:   trace_flag: False
[0m13:27:17.842346 [info ] [MainThread]:   port: 5432
[0m13:27:17.857975 [info ] [MainThread]: Registered adapter: sqlserver=1.8.5
[0m13:27:18.634105 [debug] [MainThread]: Acquiring new sqlserver connection 'debug'
[0m13:27:18.634105 [debug] [MainThread]: Using sqlserver connection "debug"
[0m13:27:18.634105 [debug] [MainThread]: On debug: select 1 as id
[0m13:27:18.634105 [debug] [MainThread]: Opening a new connection, currently in state init
[0m13:27:18.634105 [debug] [MainThread]: sqlserver adapter: Using connection string: DRIVER={ODBC Driver 18 for SQL Server};SERVER=tsql2020.database.windows.net,5432;Database=tsql;UID={student};PWD=***;encrypt=Yes;TrustServerCertificate=No;APP=dbt-sqlserver/1.8.5
[0m13:27:18.650325 [debug] [MainThread]: fabric adapter: Error running SQL: select 1 as id
[0m13:27:18.652708 [debug] [MainThread]: fabric adapter: Rolling back transaction.
[0m13:27:18.652708 [debug] [MainThread]: On debug: No close available on handle
[0m13:27:18.652708 [info ] [MainThread]:   Connection test: [[31mERROR[0m]

[0m13:27:18.652708 [info ] [MainThread]: [31m2 checks failed:[0m
[0m13:27:18.652708 [info ] [MainThread]: Project loading failed for the following reason:
 project path <C:\Users\Asus\PycharmProjects\dbtProject\dbt_project.yml> not found

[0m13:27:18.663498 [info ] [MainThread]: dbt was unable to connect to the specified database.
The database returned the following error:

  >Database Error
  ('IM002', '[IM002] [Microsoft][Диспетчер драйверов ODBC] Источник данных не найден и не указан драйвер, используемый по умолчанию (0) (SQLDriverConnect)')

Check your database credentials and try again. For more information, visit:
https://docs.getdbt.com/docs/configure-your-profile


[0m13:27:18.663498 [debug] [MainThread]: Command `dbt debug` failed at 13:27:18.663498 after 7.98 seconds
[0m13:27:18.663498 [debug] [MainThread]: Connection 'debug' was properly closed.
[0m13:27:18.671923 [debug] [MainThread]: Sending event: {'category': 'dbt', 'action': 'invocation', 'label': 'end', 'context': [<snowplow_tracker.self_describing_json.SelfDescribingJson object at 0x000001B9A919DA30>, <snowplow_tracker.self_describing_json.SelfDescribingJson object at 0x000001B9A95C3B60>, <snowplow_tracker.self_describing_json.SelfDescribingJson object at 0x000001B9A9C032C0>]}
[0m13:27:18.671923 [debug] [MainThread]: Flushing usage events
[0m14:31:24.338684 [debug] [MainThread]: Sending event: {'category': 'dbt', 'action': 'invocation', 'label': 'start', 'context': [<snowplow_tracker.self_describing_json.SelfDescribingJson object at 0x000001D0437AAC00>, <snowplow_tracker.self_describing_json.SelfDescribingJson object at 0x000001D0437A9580>, <snowplow_tracker.self_describing_json.SelfDescribingJson object at 0x000001D0437A9640>]}


============================== 14:31:24.354327 | 651ac07e-2ea2-4b2d-bc33-201357833ad7 ==============================
[0m14:31:24.354327 [info ] [MainThread]: Running with dbt=1.8.9
[0m14:31:24.354327 [debug] [MainThread]: running dbt with arguments {'printer_width': '80', 'indirect_selection': 'eager', 'log_cache_events': 'False', 'write_json': 'True', 'partial_parse': 'True', 'cache_selected_only': 'False', 'warn_error': 'None', 'version_check': 'True', 'profiles_dir': 'C:\\Users\\Asus\\.dbt', 'log_path': 'C:\\Users\\Asus\\PycharmProjects\\dbtProject\\logs', 'debug': 'False', 'fail_fast': 'False', 'use_colors': 'True', 'use_experimental_parser': 'False', 'empty': 'None', 'quiet': 'False', 'no_print': 'None', 'log_format': 'default', 'introspect': 'True', 'static_parser': 'True', 'warn_error_options': 'WarnErrorOptions(include=[], exclude=[])', 'target_path': 'None', 'invocation_command': 'dbt debug', 'send_anonymous_usage_stats': 'True'}
[0m14:31:24.463705 [info ] [MainThread]: dbt version: 1.8.9
[0m14:31:24.463705 [info ] [MainThread]: python version: 3.12.8
[0m14:31:24.463705 [info ] [MainThread]: python path: C:\Users\Asus\PycharmProjects\dbtProject\.venv\Scripts\python.exe
[0m14:31:24.463705 [info ] [MainThread]: os info: Windows-10-10.0.19045-SP0
[0m14:31:25.135611 [info ] [MainThread]: Using profiles dir at C:\Users\Asus\.dbt
[0m14:31:25.135611 [info ] [MainThread]: Using profiles.yml file at C:\Users\Asus\.dbt\profiles.yml
[0m14:31:25.135611 [info ] [MainThread]: Using dbt_project.yml file at C:\Users\Asus\PycharmProjects\dbtProject\dbt_project.yml
[0m14:31:25.151205 [info ] [MainThread]: adapter type: sqlserver
[0m14:31:25.151205 [info ] [MainThread]: adapter version: 1.8.5
[0m14:31:25.346614 [info ] [MainThread]: Configuration:
[0m14:31:25.346614 [info ] [MainThread]:   profiles.yml file [[32mOK found and valid[0m]
[0m14:31:25.346614 [info ] [MainThread]:   dbt_project.yml file [[32mOK found and valid[0m]
[0m14:31:25.346614 [info ] [MainThread]: Required dependencies:
[0m14:31:25.346614 [debug] [MainThread]: Executing "git --help"
[0m14:31:25.455961 [debug] [MainThread]: STDOUT: "b"usage: git [-v | --version] [-h | --help] [-C <path>] [-c <name>=<value>]\n           [--exec-path[=<path>]] [--html-path] [--man-path] [--info-path]\n           [-p | --paginate | -P | --no-pager] [--no-replace-objects] [--no-lazy-fetch]\n           [--no-optional-locks] [--no-advice] [--bare] [--git-dir=<path>]\n           [--work-tree=<path>] [--namespace=<name>] [--config-env=<name>=<envvar>]\n           <command> [<args>]\n\nThese are common Git commands used in various situations:\n\nstart a working area (see also: git help tutorial)\n   clone      Clone a repository into a new directory\n   init       Create an empty Git repository or reinitialize an existing one\n\nwork on the current change (see also: git help everyday)\n   add        Add file contents to the index\n   mv         Move or rename a file, a directory, or a symlink\n   restore    Restore working tree files\n   rm         Remove files from the working tree and from the index\n\nexamine the history and state (see also: git help revisions)\n   bisect     Use binary search to find the commit that introduced a bug\n   diff       Show changes between commits, commit and working tree, etc\n   grep       Print lines matching a pattern\n   log        Show commit logs\n   show       Show various types of objects\n   status     Show the working tree status\n\ngrow, mark and tweak your common history\n   backfill   Download missing objects in a partial clone\n   branch     List, create, or delete branches\n   commit     Record changes to the repository\n   merge      Join two or more development histories together\n   rebase     Reapply commits on top of another base tip\n   reset      Reset current HEAD to the specified state\n   switch     Switch branches\n   tag        Create, list, delete or verify a tag object signed with GPG\n\ncollaborate (see also: git help workflows)\n   fetch      Download objects and refs from another repository\n   pull       Fetch from and integrate with another repository or a local branch\n   push       Update remote refs along with associated objects\n\n'git help -a' and 'git help -g' list available subcommands and some\nconcept guides. See 'git help <command>' or 'git help <concept>'\nto read about a specific subcommand or concept.\nSee 'git help git' for an overview of the system.\n""
[0m14:31:25.455961 [debug] [MainThread]: STDERR: "b''"
[0m14:31:25.455961 [info ] [MainThread]:  - git [[32mOK found[0m]

[0m14:31:25.455961 [info ] [MainThread]: Connection:
[0m14:31:25.455961 [info ] [MainThread]:   server: tsql2020.database.windows.net
[0m14:31:25.455961 [info ] [MainThread]:   database: tsql
[0m14:31:25.455961 [info ] [MainThread]:   schema: andrey_lab2
[0m14:31:25.455961 [info ] [MainThread]:   UID: student
[0m14:31:25.455961 [info ] [MainThread]:   client_id: None
[0m14:31:25.455961 [info ] [MainThread]:   authentication: sql
[0m14:31:25.455961 [info ] [MainThread]:   encrypt: True
[0m14:31:25.455961 [info ] [MainThread]:   trust_cert: False
[0m14:31:25.471591 [info ] [MainThread]:   retries: 3
[0m14:31:25.471591 [info ] [MainThread]:   login_timeout: 0
[0m14:31:25.471591 [info ] [MainThread]:   query_timeout: 0
[0m14:31:25.478616 [info ] [MainThread]:   trace_flag: False
[0m14:31:25.478616 [info ] [MainThread]:   port: 5432
[0m14:31:25.478616 [info ] [MainThread]: Registered adapter: sqlserver=1.8.5
[0m14:31:26.259876 [debug] [MainThread]: Acquiring new sqlserver connection 'debug'
[0m14:31:26.259876 [debug] [MainThread]: Using sqlserver connection "debug"
[0m14:31:26.259876 [debug] [MainThread]: On debug: select 1 as id
[0m14:31:26.259876 [debug] [MainThread]: Opening a new connection, currently in state init
[0m14:31:26.259876 [debug] [MainThread]: sqlserver adapter: Using connection string: DRIVER={ODBC Driver 18 for SQL Server};SERVER=tsql2020.database.windows.net,5432;Database=tsql;UID={student};PWD=***;encrypt=Yes;TrustServerCertificate=No;APP=dbt-sqlserver/1.8.5
[0m14:31:26.259876 [debug] [MainThread]: fabric adapter: Error running SQL: select 1 as id
[0m14:31:26.259876 [debug] [MainThread]: fabric adapter: Rolling back transaction.
[0m14:31:26.259876 [debug] [MainThread]: On debug: No close available on handle
[0m14:31:26.259876 [info ] [MainThread]:   Connection test: [[31mERROR[0m]

[0m14:31:26.259876 [info ] [MainThread]: [31m1 check failed:[0m
[0m14:31:26.259876 [info ] [MainThread]: dbt was unable to connect to the specified database.
The database returned the following error:

  >Database Error
  ('IM002', '[IM002] [Microsoft][Диспетчер драйверов ODBC] Источник данных не найден и не указан драйвер, используемый по умолчанию (0) (SQLDriverConnect)')

Check your database credentials and try again. For more information, visit:
https://docs.getdbt.com/docs/configure-your-profile


[0m14:31:26.275498 [debug] [MainThread]: Command `dbt debug` failed at 14:31:26.275498 after 2.16 seconds
[0m14:31:26.275498 [debug] [MainThread]: Connection 'debug' was properly closed.
[0m14:31:26.275498 [debug] [MainThread]: Sending event: {'category': 'dbt', 'action': 'invocation', 'label': 'end', 'context': [<snowplow_tracker.self_describing_json.SelfDescribingJson object at 0x000001D04555A030>, <snowplow_tracker.self_describing_json.SelfDescribingJson object at 0x000001D0453E3530>, <snowplow_tracker.self_describing_json.SelfDescribingJson object at 0x000001D043493CE0>]}
[0m14:31:26.275498 [debug] [MainThread]: Flushing usage events
[0m14:32:39.307220 [debug] [MainThread]: Sending event: {'category': 'dbt', 'action': 'invocation', 'label': 'start', 'context': [<snowplow_tracker.self_describing_json.SelfDescribingJson object at 0x000001DC40F75E80>, <snowplow_tracker.self_describing_json.SelfDescribingJson object at 0x000001DC4313E870>, <snowplow_tracker.self_describing_json.SelfDescribingJson object at 0x000001DC4313E8D0>]}


============================== 14:32:39.323641 | 9b009af2-2627-40a1-83fc-2d8d50595188 ==============================
[0m14:32:39.323641 [info ] [MainThread]: Running with dbt=1.8.9
[0m14:32:39.323641 [debug] [MainThread]: running dbt with arguments {'printer_width': '80', 'indirect_selection': 'eager', 'write_json': 'True', 'log_cache_events': 'False', 'partial_parse': 'True', 'cache_selected_only': 'False', 'warn_error': 'None', 'fail_fast': 'False', 'profiles_dir': 'C:\\Users\\Asus\\.dbt', 'log_path': 'C:\\Users\\Asus\\PycharmProjects\\dbtProject\\logs', 'debug': 'False', 'version_check': 'True', 'use_colors': 'True', 'use_experimental_parser': 'False', 'empty': 'None', 'quiet': 'False', 'no_print': 'None', 'warn_error_options': 'WarnErrorOptions(include=[], exclude=[])', 'introspect': 'True', 'log_format': 'default', 'static_parser': 'True', 'target_path': 'None', 'invocation_command': 'dbt debug', 'send_anonymous_usage_stats': 'True'}
[0m14:32:39.411933 [info ] [MainThread]: dbt version: 1.8.9
[0m14:32:39.411933 [info ] [MainThread]: python version: 3.12.8
[0m14:32:39.411933 [info ] [MainThread]: python path: C:\Users\Asus\PycharmProjects\dbtProject\.venv\Scripts\python.exe
[0m14:32:39.411933 [info ] [MainThread]: os info: Windows-10-10.0.19045-SP0
[0m14:32:40.115055 [info ] [MainThread]: Using profiles dir at C:\Users\Asus\.dbt
[0m14:32:40.115055 [info ] [MainThread]: Using profiles.yml file at C:\Users\Asus\.dbt\profiles.yml
[0m14:32:40.115055 [info ] [MainThread]: Using dbt_project.yml file at C:\Users\Asus\PycharmProjects\dbtProject\dbt_project.yml
[0m14:32:40.115055 [info ] [MainThread]: adapter type: sqlserver
[0m14:32:40.115055 [info ] [MainThread]: adapter version: 1.8.5
[0m14:32:40.308398 [info ] [MainThread]: Configuration:
[0m14:32:40.308398 [info ] [MainThread]:   profiles.yml file [[32mOK found and valid[0m]
[0m14:32:40.308398 [info ] [MainThread]:   dbt_project.yml file [[32mOK found and valid[0m]
[0m14:32:40.308398 [info ] [MainThread]: Required dependencies:
[0m14:32:40.308398 [debug] [MainThread]: Executing "git --help"
[0m14:32:40.386543 [debug] [MainThread]: STDOUT: "b"usage: git [-v | --version] [-h | --help] [-C <path>] [-c <name>=<value>]\n           [--exec-path[=<path>]] [--html-path] [--man-path] [--info-path]\n           [-p | --paginate | -P | --no-pager] [--no-replace-objects] [--no-lazy-fetch]\n           [--no-optional-locks] [--no-advice] [--bare] [--git-dir=<path>]\n           [--work-tree=<path>] [--namespace=<name>] [--config-env=<name>=<envvar>]\n           <command> [<args>]\n\nThese are common Git commands used in various situations:\n\nstart a working area (see also: git help tutorial)\n   clone      Clone a repository into a new directory\n   init       Create an empty Git repository or reinitialize an existing one\n\nwork on the current change (see also: git help everyday)\n   add        Add file contents to the index\n   mv         Move or rename a file, a directory, or a symlink\n   restore    Restore working tree files\n   rm         Remove files from the working tree and from the index\n\nexamine the history and state (see also: git help revisions)\n   bisect     Use binary search to find the commit that introduced a bug\n   diff       Show changes between commits, commit and working tree, etc\n   grep       Print lines matching a pattern\n   log        Show commit logs\n   show       Show various types of objects\n   status     Show the working tree status\n\ngrow, mark and tweak your common history\n   backfill   Download missing objects in a partial clone\n   branch     List, create, or delete branches\n   commit     Record changes to the repository\n   merge      Join two or more development histories together\n   rebase     Reapply commits on top of another base tip\n   reset      Reset current HEAD to the specified state\n   switch     Switch branches\n   tag        Create, list, delete or verify a tag object signed with GPG\n\ncollaborate (see also: git help workflows)\n   fetch      Download objects and refs from another repository\n   pull       Fetch from and integrate with another repository or a local branch\n   push       Update remote refs along with associated objects\n\n'git help -a' and 'git help -g' list available subcommands and some\nconcept guides. See 'git help <command>' or 'git help <concept>'\nto read about a specific subcommand or concept.\nSee 'git help git' for an overview of the system.\n""
[0m14:32:40.386543 [debug] [MainThread]: STDERR: "b''"
[0m14:32:40.386543 [info ] [MainThread]:  - git [[32mOK found[0m]

[0m14:32:40.386543 [info ] [MainThread]: Connection:
[0m14:32:40.386543 [info ] [MainThread]:   server: tsql2020.database.windows.net
[0m14:32:40.386543 [info ] [MainThread]:   database: tsql
[0m14:32:40.386543 [info ] [MainThread]:   schema: andrey_lab2
[0m14:32:40.386543 [info ] [MainThread]:   UID: student
[0m14:32:40.402144 [info ] [MainThread]:   client_id: None
[0m14:32:40.402144 [info ] [MainThread]:   authentication: sql
[0m14:32:40.406389 [info ] [MainThread]:   encrypt: True
[0m14:32:40.406389 [info ] [MainThread]:   trust_cert: False
[0m14:32:40.406389 [info ] [MainThread]:   retries: 3
[0m14:32:40.406389 [info ] [MainThread]:   login_timeout: 0
[0m14:32:40.406389 [info ] [MainThread]:   query_timeout: 0
[0m14:32:40.406389 [info ] [MainThread]:   trace_flag: False
[0m14:32:40.406389 [info ] [MainThread]:   port: 5432
[0m14:32:40.422025 [info ] [MainThread]: Registered adapter: sqlserver=1.8.5
[0m14:32:41.035058 [debug] [MainThread]: Acquiring new sqlserver connection 'debug'
[0m14:32:41.035058 [debug] [MainThread]: Using sqlserver connection "debug"
[0m14:32:41.035058 [debug] [MainThread]: On debug: select 1 as id
[0m14:32:41.035058 [debug] [MainThread]: Opening a new connection, currently in state init
[0m14:32:41.035058 [debug] [MainThread]: sqlserver adapter: Using connection string: DRIVER={tsql};SERVER=tsql2020.database.windows.net,5432;Database=tsql;UID={student};PWD=***;encrypt=Yes;TrustServerCertificate=No;APP=dbt-sqlserver/1.8.5
[0m14:32:41.050682 [debug] [MainThread]: fabric adapter: Error running SQL: select 1 as id
[0m14:32:41.050682 [debug] [MainThread]: fabric adapter: Rolling back transaction.
[0m14:32:41.050682 [debug] [MainThread]: On debug: No close available on handle
[0m14:32:41.050682 [info ] [MainThread]:   Connection test: [[31mERROR[0m]

[0m14:32:41.050682 [info ] [MainThread]: [31m1 check failed:[0m
[0m14:32:41.050682 [info ] [MainThread]: dbt was unable to connect to the specified database.
The database returned the following error:

  >Database Error
  ('IM002', '[IM002] [Microsoft][Диспетчер драйверов ODBC] Источник данных не найден и не указан драйвер, используемый по умолчанию (0) (SQLDriverConnect)')

Check your database credentials and try again. For more information, visit:
https://docs.getdbt.com/docs/configure-your-profile


[0m14:32:41.050682 [debug] [MainThread]: Command `dbt debug` failed at 14:32:41.050682 after 1.98 seconds
[0m14:32:41.050682 [debug] [MainThread]: Connection 'debug' was properly closed.
[0m14:32:41.066301 [debug] [MainThread]: Sending event: {'category': 'dbt', 'action': 'invocation', 'label': 'end', 'context': [<snowplow_tracker.self_describing_json.SelfDescribingJson object at 0x000001DC437C2360>, <snowplow_tracker.self_describing_json.SelfDescribingJson object at 0x000001DC40036E70>, <snowplow_tracker.self_describing_json.SelfDescribingJson object at 0x000001DC43A3D4C0>]}
[0m14:32:41.066301 [debug] [MainThread]: Flushing usage events
[0m14:35:21.517381 [debug] [MainThread]: Sending event: {'category': 'dbt', 'action': 'invocation', 'label': 'start', 'context': [<snowplow_tracker.self_describing_json.SelfDescribingJson object at 0x000001BDFF8E6840>, <snowplow_tracker.self_describing_json.SelfDescribingJson object at 0x000001BD8244F5C0>, <snowplow_tracker.self_describing_json.SelfDescribingJson object at 0x000001BD8244DA30>]}


============================== 14:35:21.534759 | ca6d1600-a146-4718-a5f4-dfad35dd1ef1 ==============================
[0m14:35:21.534759 [info ] [MainThread]: Running with dbt=1.8.9
[0m14:35:21.535885 [debug] [MainThread]: running dbt with arguments {'printer_width': '80', 'indirect_selection': 'eager', 'log_cache_events': 'False', 'write_json': 'True', 'partial_parse': 'True', 'cache_selected_only': 'False', 'warn_error': 'None', 'version_check': 'True', 'debug': 'False', 'log_path': 'C:\\Users\\Asus\\PycharmProjects\\dbtProject\\logs', 'profiles_dir': 'C:\\Users\\Asus\\.dbt', 'fail_fast': 'False', 'use_colors': 'True', 'use_experimental_parser': 'False', 'no_print': 'None', 'quiet': 'False', 'empty': 'None', 'log_format': 'default', 'static_parser': 'True', 'warn_error_options': 'WarnErrorOptions(include=[], exclude=[])', 'invocation_command': 'dbt debug', 'target_path': 'None', 'introspect': 'True', 'send_anonymous_usage_stats': 'True'}
[0m14:35:21.669000 [info ] [MainThread]: dbt version: 1.8.9
[0m14:35:21.669000 [info ] [MainThread]: python version: 3.12.8
[0m14:35:21.684973 [info ] [MainThread]: python path: C:\Users\Asus\PycharmProjects\dbtProject\.venv\Scripts\python.exe
[0m14:35:21.686974 [info ] [MainThread]: os info: Windows-10-10.0.19045-SP0
[0m14:35:22.717061 [info ] [MainThread]: Using profiles dir at C:\Users\Asus\.dbt
[0m14:35:22.718059 [info ] [MainThread]: Using profiles.yml file at C:\Users\Asus\.dbt\profiles.yml
[0m14:35:22.720056 [info ] [MainThread]: Using dbt_project.yml file at C:\Users\Asus\PycharmProjects\dbtProject\dbt_project.yml
[0m14:35:22.721062 [info ] [MainThread]: adapter type: sqlserver
[0m14:35:22.722057 [info ] [MainThread]: adapter version: 1.8.5
[0m14:35:23.007274 [info ] [MainThread]: Configuration:
[0m14:35:23.009274 [info ] [MainThread]:   profiles.yml file [[32mOK found and valid[0m]
[0m14:35:23.010271 [info ] [MainThread]:   dbt_project.yml file [[32mOK found and valid[0m]
[0m14:35:23.011281 [info ] [MainThread]: Required dependencies:
[0m14:35:23.012275 [debug] [MainThread]: Executing "git --help"
[0m14:35:23.082680 [debug] [MainThread]: STDOUT: "b"usage: git [-v | --version] [-h | --help] [-C <path>] [-c <name>=<value>]\n           [--exec-path[=<path>]] [--html-path] [--man-path] [--info-path]\n           [-p | --paginate | -P | --no-pager] [--no-replace-objects] [--no-lazy-fetch]\n           [--no-optional-locks] [--no-advice] [--bare] [--git-dir=<path>]\n           [--work-tree=<path>] [--namespace=<name>] [--config-env=<name>=<envvar>]\n           <command> [<args>]\n\nThese are common Git commands used in various situations:\n\nstart a working area (see also: git help tutorial)\n   clone      Clone a repository into a new directory\n   init       Create an empty Git repository or reinitialize an existing one\n\nwork on the current change (see also: git help everyday)\n   add        Add file contents to the index\n   mv         Move or rename a file, a directory, or a symlink\n   restore    Restore working tree files\n   rm         Remove files from the working tree and from the index\n\nexamine the history and state (see also: git help revisions)\n   bisect     Use binary search to find the commit that introduced a bug\n   diff       Show changes between commits, commit and working tree, etc\n   grep       Print lines matching a pattern\n   log        Show commit logs\n   show       Show various types of objects\n   status     Show the working tree status\n\ngrow, mark and tweak your common history\n   backfill   Download missing objects in a partial clone\n   branch     List, create, or delete branches\n   commit     Record changes to the repository\n   merge      Join two or more development histories together\n   rebase     Reapply commits on top of another base tip\n   reset      Reset current HEAD to the specified state\n   switch     Switch branches\n   tag        Create, list, delete or verify a tag object signed with GPG\n\ncollaborate (see also: git help workflows)\n   fetch      Download objects and refs from another repository\n   pull       Fetch from and integrate with another repository or a local branch\n   push       Update remote refs along with associated objects\n\n'git help -a' and 'git help -g' list available subcommands and some\nconcept guides. See 'git help <command>' or 'git help <concept>'\nto read about a specific subcommand or concept.\nSee 'git help git' for an overview of the system.\n""
[0m14:35:23.082680 [debug] [MainThread]: STDERR: "b''"
[0m14:35:23.082680 [info ] [MainThread]:  - git [[32mOK found[0m]

[0m14:35:23.082680 [info ] [MainThread]: Connection:
[0m14:35:23.082680 [info ] [MainThread]:   server: tsql2020.database.windows.net
[0m14:35:23.082680 [info ] [MainThread]:   database: tsql
[0m14:35:23.082680 [info ] [MainThread]:   schema: andrey_lab2
[0m14:35:23.101760 [info ] [MainThread]:   UID: student
[0m14:35:23.101760 [info ] [MainThread]:   client_id: None
[0m14:35:23.101760 [info ] [MainThread]:   authentication: sql
[0m14:35:23.101760 [info ] [MainThread]:   encrypt: True
[0m14:35:23.101760 [info ] [MainThread]:   trust_cert: False
[0m14:35:23.101760 [info ] [MainThread]:   retries: 3
[0m14:35:23.101760 [info ] [MainThread]:   login_timeout: 0
[0m14:35:23.101760 [info ] [MainThread]:   query_timeout: 0
[0m14:35:23.101760 [info ] [MainThread]:   trace_flag: False
[0m14:35:23.101760 [info ] [MainThread]:   port: 5432
[0m14:35:23.118076 [info ] [MainThread]: Registered adapter: sqlserver=1.8.5
[0m14:35:24.081813 [debug] [MainThread]: Acquiring new sqlserver connection 'debug'
[0m14:35:24.097442 [debug] [MainThread]: Using sqlserver connection "debug"
[0m14:35:24.100464 [debug] [MainThread]: On debug: select 1 as id
[0m14:35:24.100464 [debug] [MainThread]: Opening a new connection, currently in state init
[0m14:35:24.100464 [debug] [MainThread]: sqlserver adapter: Using connection string: DRIVER={tsql};SERVER=tsql2020.database.windows.net,5432;Database=tsql;UID={student};PWD=***;encrypt=Yes;TrustServerCertificate=No;APP=dbt-sqlserver/1.8.5
[0m14:35:24.100464 [debug] [MainThread]: fabric adapter: Error running SQL: select 1 as id
[0m14:35:24.100464 [debug] [MainThread]: fabric adapter: Rolling back transaction.
[0m14:35:24.116316 [debug] [MainThread]: On debug: No close available on handle
[0m14:35:24.117323 [info ] [MainThread]:   Connection test: [[31mERROR[0m]

[0m14:35:24.119312 [info ] [MainThread]: [31m1 check failed:[0m
[0m14:35:24.121314 [info ] [MainThread]: dbt was unable to connect to the specified database.
The database returned the following error:

  >Database Error
  ('IM002', '[IM002] [Microsoft][Диспетчер драйверов ODBC] Источник данных не найден и не указан драйвер, используемый по умолчанию (0) (SQLDriverConnect)')

Check your database credentials and try again. For more information, visit:
https://docs.getdbt.com/docs/configure-your-profile


[0m14:35:24.126311 [debug] [MainThread]: Command `dbt debug` failed at 14:35:24.125313 after 2.88 seconds
[0m14:35:24.126311 [debug] [MainThread]: Connection 'debug' was properly closed.
[0m14:35:24.127307 [debug] [MainThread]: Sending event: {'category': 'dbt', 'action': 'invocation', 'label': 'end', 'context': [<snowplow_tracker.self_describing_json.SelfDescribingJson object at 0x000001BD82BEF8C0>, <snowplow_tracker.self_describing_json.SelfDescribingJson object at 0x000001BD828A89B0>, <snowplow_tracker.self_describing_json.SelfDescribingJson object at 0x000001BD81B32A80>]}
[0m14:35:24.128306 [debug] [MainThread]: Flushing usage events
[0m14:38:59.301886 [debug] [MainThread]: Sending event: {'category': 'dbt', 'action': 'invocation', 'label': 'start', 'context': [<snowplow_tracker.self_describing_json.SelfDescribingJson object at 0x00000266DCC24AD0>, <snowplow_tracker.self_describing_json.SelfDescribingJson object at 0x00000266DCC26D20>, <snowplow_tracker.self_describing_json.SelfDescribingJson object at 0x00000266DD0FB1A0>]}


============================== 14:38:59.317508 | 70a0be7e-d489-4af0-9fad-80156e5fba5b ==============================
[0m14:38:59.317508 [info ] [MainThread]: Running with dbt=1.8.9
[0m14:38:59.317508 [debug] [MainThread]: running dbt with arguments {'printer_width': '80', 'indirect_selection': 'eager', 'log_cache_events': 'False', 'write_json': 'True', 'partial_parse': 'True', 'cache_selected_only': 'False', 'profiles_dir': 'C:\\Users\\Asus\\.dbt', 'debug': 'False', 'fail_fast': 'False', 'log_path': 'C:\\Users\\Asus\\PycharmProjects\\dbtProject\\logs', 'version_check': 'True', 'warn_error': 'None', 'use_colors': 'True', 'use_experimental_parser': 'False', 'no_print': 'None', 'quiet': 'False', 'empty': 'None', 'warn_error_options': 'WarnErrorOptions(include=[], exclude=[])', 'invocation_command': 'dbt debug', 'introspect': 'True', 'static_parser': 'True', 'target_path': 'None', 'log_format': 'default', 'send_anonymous_usage_stats': 'True'}
[0m14:38:59.411268 [info ] [MainThread]: dbt version: 1.8.9
[0m14:38:59.411268 [info ] [MainThread]: python version: 3.12.8
[0m14:38:59.411268 [info ] [MainThread]: python path: C:\Users\Asus\PycharmProjects\dbtProject\.venv\Scripts\python.exe
[0m14:38:59.411268 [info ] [MainThread]: os info: Windows-10-10.0.19045-SP0
[0m14:39:00.114402 [info ] [MainThread]: Using profiles dir at C:\Users\Asus\.dbt
[0m14:39:00.130010 [info ] [MainThread]: Using profiles.yml file at C:\Users\Asus\.dbt\profiles.yml
[0m14:39:00.130010 [info ] [MainThread]: Using dbt_project.yml file at C:\Users\Asus\PycharmProjects\dbtProject\dbt_project.yml
[0m14:39:00.130010 [info ] [MainThread]: adapter type: sqlserver
[0m14:39:00.130010 [info ] [MainThread]: adapter version: 1.8.5
[0m14:39:00.301877 [info ] [MainThread]: Configuration:
[0m14:39:00.301877 [info ] [MainThread]:   profiles.yml file [[32mOK found and valid[0m]
[0m14:39:00.301877 [info ] [MainThread]:   dbt_project.yml file [[32mOK found and valid[0m]
[0m14:39:00.317504 [info ] [MainThread]: Required dependencies:
[0m14:39:00.317504 [debug] [MainThread]: Executing "git --help"
[0m14:39:00.395621 [debug] [MainThread]: STDOUT: "b"usage: git [-v | --version] [-h | --help] [-C <path>] [-c <name>=<value>]\n           [--exec-path[=<path>]] [--html-path] [--man-path] [--info-path]\n           [-p | --paginate | -P | --no-pager] [--no-replace-objects] [--no-lazy-fetch]\n           [--no-optional-locks] [--no-advice] [--bare] [--git-dir=<path>]\n           [--work-tree=<path>] [--namespace=<name>] [--config-env=<name>=<envvar>]\n           <command> [<args>]\n\nThese are common Git commands used in various situations:\n\nstart a working area (see also: git help tutorial)\n   clone      Clone a repository into a new directory\n   init       Create an empty Git repository or reinitialize an existing one\n\nwork on the current change (see also: git help everyday)\n   add        Add file contents to the index\n   mv         Move or rename a file, a directory, or a symlink\n   restore    Restore working tree files\n   rm         Remove files from the working tree and from the index\n\nexamine the history and state (see also: git help revisions)\n   bisect     Use binary search to find the commit that introduced a bug\n   diff       Show changes between commits, commit and working tree, etc\n   grep       Print lines matching a pattern\n   log        Show commit logs\n   show       Show various types of objects\n   status     Show the working tree status\n\ngrow, mark and tweak your common history\n   backfill   Download missing objects in a partial clone\n   branch     List, create, or delete branches\n   commit     Record changes to the repository\n   merge      Join two or more development histories together\n   rebase     Reapply commits on top of another base tip\n   reset      Reset current HEAD to the specified state\n   switch     Switch branches\n   tag        Create, list, delete or verify a tag object signed with GPG\n\ncollaborate (see also: git help workflows)\n   fetch      Download objects and refs from another repository\n   pull       Fetch from and integrate with another repository or a local branch\n   push       Update remote refs along with associated objects\n\n'git help -a' and 'git help -g' list available subcommands and some\nconcept guides. See 'git help <command>' or 'git help <concept>'\nto read about a specific subcommand or concept.\nSee 'git help git' for an overview of the system.\n""
[0m14:39:00.395621 [debug] [MainThread]: STDERR: "b''"
[0m14:39:00.395621 [info ] [MainThread]:  - git [[32mOK found[0m]

[0m14:39:00.395621 [info ] [MainThread]: Connection:
[0m14:39:00.395621 [info ] [MainThread]:   server: tsql2020.database.windows.net
[0m14:39:00.395621 [info ] [MainThread]:   database: tsql
[0m14:39:00.411252 [info ] [MainThread]:   schema: andrey_lab2
[0m14:39:00.411252 [info ] [MainThread]:   UID: student
[0m14:39:00.411252 [info ] [MainThread]:   client_id: None
[0m14:39:00.411252 [info ] [MainThread]:   authentication: sql
[0m14:39:00.411252 [info ] [MainThread]:   encrypt: True
[0m14:39:00.411252 [info ] [MainThread]:   trust_cert: False
[0m14:39:00.411252 [info ] [MainThread]:   retries: 3
[0m14:39:00.411252 [info ] [MainThread]:   login_timeout: 0
[0m14:39:00.411252 [info ] [MainThread]:   query_timeout: 0
[0m14:39:00.411252 [info ] [MainThread]:   trace_flag: False
[0m14:39:00.411252 [info ] [MainThread]:   port: 5432
[0m14:39:00.411252 [info ] [MainThread]: Registered adapter: sqlserver=1.8.5
[0m14:39:01.023303 [debug] [MainThread]: Acquiring new sqlserver connection 'debug'
[0m14:39:01.023303 [debug] [MainThread]: Using sqlserver connection "debug"
[0m14:39:01.023303 [debug] [MainThread]: On debug: select 1 as id
[0m14:39:01.023303 [debug] [MainThread]: Opening a new connection, currently in state init
[0m14:39:01.023303 [debug] [MainThread]: sqlserver adapter: Using connection string: DRIVER={tsql};SERVER=tsql2020.database.windows.net,5432;Database=tsql;UID={student};PWD=***;encrypt=Yes;TrustServerCertificate=No;APP=dbt-sqlserver/1.8.5
[0m14:39:01.038935 [debug] [MainThread]: fabric adapter: Error running SQL: select 1 as id
[0m14:39:01.038935 [debug] [MainThread]: fabric adapter: Rolling back transaction.
[0m14:39:01.038935 [debug] [MainThread]: On debug: No close available on handle
[0m14:39:01.038935 [info ] [MainThread]:   Connection test: [[31mERROR[0m]

[0m14:39:01.038935 [info ] [MainThread]: [31m1 check failed:[0m
[0m14:39:01.038935 [info ] [MainThread]: dbt was unable to connect to the specified database.
The database returned the following error:

  >Database Error
  ('IM002', '[IM002] [Microsoft][Диспетчер драйверов ODBC] Источник данных не найден и не указан драйвер, используемый по умолчанию (0) (SQLDriverConnect)')

Check your database credentials and try again. For more information, visit:
https://docs.getdbt.com/docs/configure-your-profile


[0m14:39:01.038935 [debug] [MainThread]: Command `dbt debug` failed at 14:39:01.038935 after 2.05 seconds
[0m14:39:01.038935 [debug] [MainThread]: Connection 'debug' was properly closed.
[0m14:39:01.038935 [debug] [MainThread]: Sending event: {'category': 'dbt', 'action': 'invocation', 'label': 'end', 'context': [<snowplow_tracker.self_describing_json.SelfDescribingJson object at 0x00000266D790CE30>, <snowplow_tracker.self_describing_json.SelfDescribingJson object at 0x00000266DDC33D40>, <snowplow_tracker.self_describing_json.SelfDescribingJson object at 0x00000266DCC8D280>]}
[0m14:39:01.054544 [debug] [MainThread]: Flushing usage events
[0m14:40:36.596382 [debug] [MainThread]: Sending event: {'category': 'dbt', 'action': 'invocation', 'label': 'start', 'context': [<snowplow_tracker.self_describing_json.SelfDescribingJson object at 0x00000297E67ED580>, <snowplow_tracker.self_describing_json.SelfDescribingJson object at 0x00000297E67EDE50>, <snowplow_tracker.self_describing_json.SelfDescribingJson object at 0x00000297E67ED760>]}


============================== 14:40:36.596382 | d03ae3bf-d42b-45b8-b347-4c1a1916777d ==============================
[0m14:40:36.596382 [info ] [MainThread]: Running with dbt=1.8.9
[0m14:40:36.596382 [debug] [MainThread]: running dbt with arguments {'printer_width': '80', 'indirect_selection': 'eager', 'log_cache_events': 'False', 'write_json': 'True', 'partial_parse': 'True', 'cache_selected_only': 'False', 'profiles_dir': 'C:\\Users\\Asus\\.dbt', 'fail_fast': 'False', 'debug': 'False', 'log_path': 'C:\\Users\\Asus\\PycharmProjects\\dbtProject\\logs', 'warn_error': 'None', 'version_check': 'True', 'use_colors': 'True', 'use_experimental_parser': 'False', 'no_print': 'None', 'quiet': 'False', 'empty': 'None', 'log_format': 'default', 'introspect': 'True', 'invocation_command': 'dbt debug', 'static_parser': 'True', 'target_path': 'None', 'warn_error_options': 'WarnErrorOptions(include=[], exclude=[])', 'send_anonymous_usage_stats': 'True'}
[0m14:40:36.643286 [info ] [MainThread]: dbt version: 1.8.9
[0m14:40:36.643286 [info ] [MainThread]: python version: 3.12.8
[0m14:40:36.643286 [info ] [MainThread]: python path: C:\Users\Asus\PycharmProjects\dbtProject\.venv\Scripts\python.exe
[0m14:40:36.660880 [info ] [MainThread]: os info: Windows-10-10.0.19045-SP0
[0m14:40:36.660880 [error] [MainThread]: Encountered an error:
Runtime Error
  Syntax error near line 12
  ------------------------------
  9  |       type: sqlserver
  10 |       user: student
  11 |       schema: andrey_lab2
  12 |       driver: "driver: "ODBC Driver 17 for SQL Server"
  13 |   target: dev
  
  Raw Error:
  ------------------------------
  while parsing a block mapping
    in "<unicode string>", line 4, column 7
  did not find expected key
    in "<unicode string>", line 12, column 25
[0m14:40:36.660880 [debug] [MainThread]: Command `dbt debug` failed at 14:40:36.660880 after 0.28 seconds
[0m14:40:36.660880 [debug] [MainThread]: Sending event: {'category': 'dbt', 'action': 'invocation', 'label': 'end', 'context': [<snowplow_tracker.self_describing_json.SelfDescribingJson object at 0x00000297E67ED460>, <snowplow_tracker.self_describing_json.SelfDescribingJson object at 0x00000297E67EF410>, <snowplow_tracker.self_describing_json.SelfDescribingJson object at 0x00000297E6894860>]}
[0m14:40:36.660880 [debug] [MainThread]: Flushing usage events
[0m14:43:03.795221 [debug] [MainThread]: Sending event: {'category': 'dbt', 'action': 'invocation', 'label': 'start', 'context': [<snowplow_tracker.self_describing_json.SelfDescribingJson object at 0x000001CC2E0AE630>, <snowplow_tracker.self_describing_json.SelfDescribingJson object at 0x000001CC2B626ED0>, <snowplow_tracker.self_describing_json.SelfDescribingJson object at 0x000001CC2EDB2930>]}


============================== 14:43:03.810844 | c1339c20-3a4e-4b95-be30-efd1b299b72e ==============================
[0m14:43:03.810844 [info ] [MainThread]: Running with dbt=1.8.9
[0m14:43:03.826474 [debug] [MainThread]: running dbt with arguments {'printer_width': '80', 'indirect_selection': 'eager', 'write_json': 'True', 'log_cache_events': 'False', 'partial_parse': 'True', 'cache_selected_only': 'False', 'warn_error': 'None', 'debug': 'False', 'fail_fast': 'False', 'log_path': 'C:\\Users\\Asus\\PycharmProjects\\dbtProject\\logs', 'version_check': 'True', 'profiles_dir': 'C:\\Users\\Asus\\.dbt', 'use_colors': 'True', 'use_experimental_parser': 'False', 'no_print': 'None', 'quiet': 'False', 'empty': 'None', 'log_format': 'default', 'static_parser': 'True', 'introspect': 'True', 'warn_error_options': 'WarnErrorOptions(include=[], exclude=[])', 'target_path': 'None', 'invocation_command': 'dbt debug', 'send_anonymous_usage_stats': 'True'}
[0m14:43:03.920221 [info ] [MainThread]: dbt version: 1.8.9
[0m14:43:03.920221 [info ] [MainThread]: python version: 3.12.8
[0m14:43:03.920221 [info ] [MainThread]: python path: C:\Users\Asus\PycharmProjects\dbtProject\.venv\Scripts\python.exe
[0m14:43:03.920221 [info ] [MainThread]: os info: Windows-10-10.0.19045-SP0
[0m14:43:04.763991 [info ] [MainThread]: Using profiles dir at C:\Users\Asus\.dbt
[0m14:43:04.763991 [info ] [MainThread]: Using profiles.yml file at C:\Users\Asus\.dbt\profiles.yml
[0m14:43:04.763991 [info ] [MainThread]: Using dbt_project.yml file at C:\Users\Asus\PycharmProjects\dbtProject\dbt_project.yml
[0m14:43:04.763991 [info ] [MainThread]: adapter type: sqlserver
[0m14:43:04.763991 [info ] [MainThread]: adapter version: 1.8.5
[0m14:43:05.076472 [info ] [MainThread]: Configuration:
[0m14:43:05.076472 [info ] [MainThread]:   profiles.yml file [[32mOK found and valid[0m]
[0m14:43:05.076472 [info ] [MainThread]:   dbt_project.yml file [[32mOK found and valid[0m]
[0m14:43:05.076472 [info ] [MainThread]: Required dependencies:
[0m14:43:05.092094 [debug] [MainThread]: Executing "git --help"
[0m14:43:05.168897 [debug] [MainThread]: STDOUT: "b"usage: git [-v | --version] [-h | --help] [-C <path>] [-c <name>=<value>]\n           [--exec-path[=<path>]] [--html-path] [--man-path] [--info-path]\n           [-p | --paginate | -P | --no-pager] [--no-replace-objects] [--no-lazy-fetch]\n           [--no-optional-locks] [--no-advice] [--bare] [--git-dir=<path>]\n           [--work-tree=<path>] [--namespace=<name>] [--config-env=<name>=<envvar>]\n           <command> [<args>]\n\nThese are common Git commands used in various situations:\n\nstart a working area (see also: git help tutorial)\n   clone      Clone a repository into a new directory\n   init       Create an empty Git repository or reinitialize an existing one\n\nwork on the current change (see also: git help everyday)\n   add        Add file contents to the index\n   mv         Move or rename a file, a directory, or a symlink\n   restore    Restore working tree files\n   rm         Remove files from the working tree and from the index\n\nexamine the history and state (see also: git help revisions)\n   bisect     Use binary search to find the commit that introduced a bug\n   diff       Show changes between commits, commit and working tree, etc\n   grep       Print lines matching a pattern\n   log        Show commit logs\n   show       Show various types of objects\n   status     Show the working tree status\n\ngrow, mark and tweak your common history\n   backfill   Download missing objects in a partial clone\n   branch     List, create, or delete branches\n   commit     Record changes to the repository\n   merge      Join two or more development histories together\n   rebase     Reapply commits on top of another base tip\n   reset      Reset current HEAD to the specified state\n   switch     Switch branches\n   tag        Create, list, delete or verify a tag object signed with GPG\n\ncollaborate (see also: git help workflows)\n   fetch      Download objects and refs from another repository\n   pull       Fetch from and integrate with another repository or a local branch\n   push       Update remote refs along with associated objects\n\n'git help -a' and 'git help -g' list available subcommands and some\nconcept guides. See 'git help <command>' or 'git help <concept>'\nto read about a specific subcommand or concept.\nSee 'git help git' for an overview of the system.\n""
[0m14:43:05.184524 [debug] [MainThread]: STDERR: "b''"
[0m14:43:05.184524 [info ] [MainThread]:  - git [[32mOK found[0m]

[0m14:43:05.184524 [info ] [MainThread]: Connection:
[0m14:43:05.184524 [info ] [MainThread]:   server: tsql2020.database.windows.net
[0m14:43:05.184524 [info ] [MainThread]:   database: tsql
[0m14:43:05.184524 [info ] [MainThread]:   schema: andrey_lab2
[0m14:43:05.184524 [info ] [MainThread]:   UID: student
[0m14:43:05.184524 [info ] [MainThread]:   client_id: None
[0m14:43:05.184524 [info ] [MainThread]:   authentication: sql
[0m14:43:05.184524 [info ] [MainThread]:   encrypt: True
[0m14:43:05.184524 [info ] [MainThread]:   trust_cert: False
[0m14:43:05.184524 [info ] [MainThread]:   retries: 3
[0m14:43:05.184524 [info ] [MainThread]:   login_timeout: 0
[0m14:43:05.184524 [info ] [MainThread]:   query_timeout: 0
[0m14:43:05.200150 [info ] [MainThread]:   trace_flag: False
[0m14:43:05.200150 [info ] [MainThread]:   port: 5432
[0m14:43:05.200150 [info ] [MainThread]: Registered adapter: sqlserver=1.8.5
[0m14:43:06.028274 [debug] [MainThread]: Acquiring new sqlserver connection 'debug'
[0m14:43:06.028274 [debug] [MainThread]: Using sqlserver connection "debug"
[0m14:43:06.028274 [debug] [MainThread]: On debug: select 1 as id
[0m14:43:06.028274 [debug] [MainThread]: Opening a new connection, currently in state init
[0m14:43:06.028274 [debug] [MainThread]: sqlserver adapter: Using connection string: DRIVER={ODBC Driver 17 for SQL Server};SERVER=tsql2020.database.windows.net,5432;Database=tsql;UID={student};PWD=***;encrypt=Yes;TrustServerCertificate=No;APP=dbt-sqlserver/1.8.5
[0m14:43:21.222389 [debug] [MainThread]: sqlserver adapter: Got a retryable error when attempting to open a sqlserver connection.
3 attempts remaining. Retrying in 1 seconds.
Error:
('08001', '[08001] [Microsoft][ODBC Driver 17 for SQL Server]TCP Provider: Время ожидания операции истекло.\r\n (258) (SQLDriverConnect); [08001] [Microsoft][ODBC Driver 17 for SQL Server]Login timeout expired (0); [08001] [Microsoft][ODBC Driver 17 for SQL Server]A network-related or instance-specific error has occurred while establishing a connection to SQL Server. Server is not found or not accessible. Check if instance name is correct and if SQL Server is configured to allow remote connections. For more information see SQL Server Books Online. (258)')
[0m14:43:22.226411 [debug] [MainThread]: sqlserver adapter: Using connection string: DRIVER={ODBC Driver 17 for SQL Server};SERVER=tsql2020.database.windows.net,5432;Database=tsql;UID={student};PWD=***;encrypt=Yes;TrustServerCertificate=No;APP=dbt-sqlserver/1.8.5
[0m14:43:37.337001 [debug] [MainThread]: sqlserver adapter: Got a retryable error when attempting to open a sqlserver connection.
2 attempts remaining. Retrying in 1 seconds.
Error:
('08001', '[08001] [Microsoft][ODBC Driver 17 for SQL Server]TCP Provider: Время ожидания операции истекло.\r\n (258) (SQLDriverConnect); [08001] [Microsoft][ODBC Driver 17 for SQL Server]Login timeout expired (0); [08001] [Microsoft][ODBC Driver 17 for SQL Server]A network-related or instance-specific error has occurred while establishing a connection to SQL Server. Server is not found or not accessible. Check if instance name is correct and if SQL Server is configured to allow remote connections. For more information see SQL Server Books Online. (258)')
[0m14:43:38.339113 [debug] [MainThread]: sqlserver adapter: Using connection string: DRIVER={ODBC Driver 17 for SQL Server};SERVER=tsql2020.database.windows.net,5432;Database=tsql;UID={student};PWD=***;encrypt=Yes;TrustServerCertificate=No;APP=dbt-sqlserver/1.8.5
[0m14:43:53.451401 [debug] [MainThread]: sqlserver adapter: Got a retryable error when attempting to open a sqlserver connection.
1 attempts remaining. Retrying in 1 seconds.
Error:
('08001', '[08001] [Microsoft][ODBC Driver 17 for SQL Server]TCP Provider: Время ожидания операции истекло.\r\n (258) (SQLDriverConnect); [08001] [Microsoft][ODBC Driver 17 for SQL Server]Login timeout expired (0); [08001] [Microsoft][ODBC Driver 17 for SQL Server]A network-related or instance-specific error has occurred while establishing a connection to SQL Server. Server is not found or not accessible. Check if instance name is correct and if SQL Server is configured to allow remote connections. For more information see SQL Server Books Online. (258)')
[0m14:43:54.453505 [debug] [MainThread]: sqlserver adapter: Using connection string: DRIVER={ODBC Driver 17 for SQL Server};SERVER=tsql2020.database.windows.net,5432;Database=tsql;UID={student};PWD=***;encrypt=Yes;TrustServerCertificate=No;APP=dbt-sqlserver/1.8.5
[0m14:44:09.574000 [debug] [MainThread]: fabric adapter: Error running SQL: select 1 as id
[0m14:44:09.574000 [debug] [MainThread]: fabric adapter: Rolling back transaction.
[0m14:44:09.574000 [debug] [MainThread]: On debug: No close available on handle
[0m14:44:09.574000 [info ] [MainThread]:   Connection test: [[31mERROR[0m]

[0m14:44:09.574000 [info ] [MainThread]: [31m1 check failed:[0m
[0m14:44:09.574000 [info ] [MainThread]: dbt was unable to connect to the specified database.
The database returned the following error:

  >Database Error
  ('08001', '[08001] [Microsoft][ODBC Driver 17 for SQL Server]TCP Provider: Время ожидания операции истекло.\r\n (258) (SQLDriverConnect); [08001] [Microsoft][ODBC Driver 17 for SQL Server]Login timeout expired (0); [08001] [Microsoft][ODBC Driver 17 for SQL Server]A network-related or instance-specific error has occurred while establishing a connection to SQL Server. Server is not found or not accessible. Check if instance name is correct and if SQL Server is configured to allow remote connections. For more information see SQL Server Books Online. (258)')

Check your database credentials and try again. For more information, visit:
https://docs.getdbt.com/docs/configure-your-profile


[0m14:44:09.574000 [debug] [MainThread]: Command `dbt debug` failed at 14:44:09.574000 after 66.22 seconds
[0m14:44:09.574000 [debug] [MainThread]: Connection 'debug' was properly closed.
[0m14:44:09.574000 [debug] [MainThread]: Sending event: {'category': 'dbt', 'action': 'invocation', 'label': 'end', 'context': [<snowplow_tracker.self_describing_json.SelfDescribingJson object at 0x000001CC2E0AE630>, <snowplow_tracker.self_describing_json.SelfDescribingJson object at 0x000001CC2ED2C230>, <snowplow_tracker.self_describing_json.SelfDescribingJson object at 0x000001CC2FB1C9B0>]}
[0m14:44:09.589544 [debug] [MainThread]: Flushing usage events
[0m14:52:13.673029 [debug] [MainThread]: Sending event: {'category': 'dbt', 'action': 'invocation', 'label': 'start', 'context': [<snowplow_tracker.self_describing_json.SelfDescribingJson object at 0x000001E571DD5C40>, <snowplow_tracker.self_describing_json.SelfDescribingJson object at 0x000001E57409E8A0>, <snowplow_tracker.self_describing_json.SelfDescribingJson object at 0x000001E57409E390>]}


============================== 14:52:13.681026 | 438f090b-7494-4078-8fe9-08e3759c84d1 ==============================
[0m14:52:13.681026 [info ] [MainThread]: Running with dbt=1.8.9
[0m14:52:13.683028 [debug] [MainThread]: running dbt with arguments {'printer_width': '80', 'indirect_selection': 'eager', 'write_json': 'True', 'log_cache_events': 'False', 'partial_parse': 'True', 'cache_selected_only': 'False', 'warn_error': 'None', 'version_check': 'True', 'debug': 'False', 'log_path': 'C:\\Users\\Asus\\PycharmProjects\\dbtProject\\logs', 'profiles_dir': 'C:\\Users\\Asus\\.dbt', 'fail_fast': 'False', 'use_colors': 'True', 'use_experimental_parser': 'False', 'no_print': 'None', 'quiet': 'False', 'empty': 'None', 'log_format': 'default', 'static_parser': 'True', 'warn_error_options': 'WarnErrorOptions(include=[], exclude=[])', 'invocation_command': 'dbt debug', 'target_path': 'None', 'introspect': 'True', 'send_anonymous_usage_stats': 'True'}
[0m14:52:13.796241 [info ] [MainThread]: dbt version: 1.8.9
[0m14:52:13.797242 [info ] [MainThread]: python version: 3.12.8
[0m14:52:13.798236 [info ] [MainThread]: python path: C:\Users\Asus\PycharmProjects\dbtProject\.venv\Scripts\python.exe
[0m14:52:13.800233 [info ] [MainThread]: os info: Windows-10-10.0.19045-SP0
[0m14:52:20.483554 [info ] [MainThread]: Using profiles dir at C:\Users\Asus\.dbt
[0m14:52:20.483554 [info ] [MainThread]: Using profiles.yml file at C:\Users\Asus\.dbt\profiles.yml
[0m14:52:20.483554 [info ] [MainThread]: Using dbt_project.yml file at C:\Users\Asus\PycharmProjects\dbtProject\dbt_project.yml
[0m14:52:20.483554 [info ] [MainThread]: adapter type: sqlserver
[0m14:52:20.483554 [info ] [MainThread]: adapter version: 1.8.5
[0m14:52:20.702328 [info ] [MainThread]: Configuration:
[0m14:52:20.702328 [info ] [MainThread]:   profiles.yml file [[32mOK found and valid[0m]
[0m14:52:20.702328 [info ] [MainThread]:   dbt_project.yml file [[32mOK found and valid[0m]
[0m14:52:20.702328 [info ] [MainThread]: Required dependencies:
[0m14:52:20.702328 [debug] [MainThread]: Executing "git --help"
[0m14:52:20.780429 [debug] [MainThread]: STDOUT: "b"usage: git [-v | --version] [-h | --help] [-C <path>] [-c <name>=<value>]\n           [--exec-path[=<path>]] [--html-path] [--man-path] [--info-path]\n           [-p | --paginate | -P | --no-pager] [--no-replace-objects] [--no-lazy-fetch]\n           [--no-optional-locks] [--no-advice] [--bare] [--git-dir=<path>]\n           [--work-tree=<path>] [--namespace=<name>] [--config-env=<name>=<envvar>]\n           <command> [<args>]\n\nThese are common Git commands used in various situations:\n\nstart a working area (see also: git help tutorial)\n   clone      Clone a repository into a new directory\n   init       Create an empty Git repository or reinitialize an existing one\n\nwork on the current change (see also: git help everyday)\n   add        Add file contents to the index\n   mv         Move or rename a file, a directory, or a symlink\n   restore    Restore working tree files\n   rm         Remove files from the working tree and from the index\n\nexamine the history and state (see also: git help revisions)\n   bisect     Use binary search to find the commit that introduced a bug\n   diff       Show changes between commits, commit and working tree, etc\n   grep       Print lines matching a pattern\n   log        Show commit logs\n   show       Show various types of objects\n   status     Show the working tree status\n\ngrow, mark and tweak your common history\n   backfill   Download missing objects in a partial clone\n   branch     List, create, or delete branches\n   commit     Record changes to the repository\n   merge      Join two or more development histories together\n   rebase     Reapply commits on top of another base tip\n   reset      Reset current HEAD to the specified state\n   switch     Switch branches\n   tag        Create, list, delete or verify a tag object signed with GPG\n\ncollaborate (see also: git help workflows)\n   fetch      Download objects and refs from another repository\n   pull       Fetch from and integrate with another repository or a local branch\n   push       Update remote refs along with associated objects\n\n'git help -a' and 'git help -g' list available subcommands and some\nconcept guides. See 'git help <command>' or 'git help <concept>'\nto read about a specific subcommand or concept.\nSee 'git help git' for an overview of the system.\n""
[0m14:52:20.780429 [debug] [MainThread]: STDERR: "b''"
[0m14:52:20.780429 [info ] [MainThread]:  - git [[32mOK found[0m]

[0m14:52:20.780429 [info ] [MainThread]: Connection:
[0m14:52:20.780429 [info ] [MainThread]:   server: tsql2020.database.windows.net
[0m14:52:20.780429 [info ] [MainThread]:   database: tsql
[0m14:52:20.780429 [info ] [MainThread]:   schema: andrey_lab2
[0m14:52:20.780429 [info ] [MainThread]:   UID: student
[0m14:52:20.796052 [info ] [MainThread]:   client_id: None
[0m14:52:20.796052 [info ] [MainThread]:   authentication: sql
[0m14:52:20.796052 [info ] [MainThread]:   encrypt: True
[0m14:52:20.796052 [info ] [MainThread]:   trust_cert: False
[0m14:52:20.796052 [info ] [MainThread]:   retries: 3
[0m14:52:20.796052 [info ] [MainThread]:   login_timeout: 0
[0m14:52:20.796052 [info ] [MainThread]:   query_timeout: 0
[0m14:52:20.796052 [info ] [MainThread]:   trace_flag: False
[0m14:52:20.796052 [info ] [MainThread]:   port: 1433
[0m14:52:20.796052 [info ] [MainThread]: Registered adapter: sqlserver=1.8.5
[0m14:52:21.595148 [debug] [MainThread]: Acquiring new sqlserver connection 'debug'
[0m14:52:21.595148 [debug] [MainThread]: Using sqlserver connection "debug"
[0m14:52:21.595148 [debug] [MainThread]: On debug: select 1 as id
[0m14:52:21.595148 [debug] [MainThread]: Opening a new connection, currently in state init
[0m14:52:21.595148 [debug] [MainThread]: sqlserver adapter: Using connection string: DRIVER={ODBC Driver 17 for SQL Server};SERVER=tsql2020.database.windows.net,1433;Database=tsql;UID={student};PWD=***;encrypt=Yes;TrustServerCertificate=No;APP=dbt-sqlserver/1.8.5
[0m14:52:22.845170 [debug] [MainThread]: sqlserver adapter: Connected to db: tsql
[0m14:52:22.923340 [debug] [MainThread]: SQL status: OK in 1.000 seconds
[0m14:52:22.923340 [debug] [MainThread]: On debug: Close
[0m14:52:22.923340 [info ] [MainThread]:   Connection test: [[32mOK connection ok[0m]

[0m14:52:22.923340 [info ] [MainThread]: [32mAll checks passed![0m
[0m14:52:22.938884 [debug] [MainThread]: Command `dbt debug` succeeded at 14:52:22.938884 after 9.58 seconds
[0m14:52:22.938884 [debug] [MainThread]: Connection 'debug' was properly closed.
[0m14:52:22.938884 [debug] [MainThread]: Sending event: {'category': 'dbt', 'action': 'invocation', 'label': 'end', 'context': [<snowplow_tracker.self_describing_json.SelfDescribingJson object at 0x000001E56E785BB0>, <snowplow_tracker.self_describing_json.SelfDescribingJson object at 0x000001E5746935F0>, <snowplow_tracker.self_describing_json.SelfDescribingJson object at 0x000001E574785D90>]}
[0m14:52:22.938884 [debug] [MainThread]: Flushing usage events
[0m14:56:44.700191 [debug] [MainThread]: Sending event: {'category': 'dbt', 'action': 'invocation', 'label': 'start', 'context': [<snowplow_tracker.self_describing_json.SelfDescribingJson object at 0x000001FB157F5E20>, <snowplow_tracker.self_describing_json.SelfDescribingJson object at 0x000001FB17573170>, <snowplow_tracker.self_describing_json.SelfDescribingJson object at 0x000001FB17A8CCB0>]}


============================== 14:56:44.715814 | bd3f2239-ca0b-435e-89f7-74528dbbffcf ==============================
[0m14:56:44.715814 [info ] [MainThread]: Running with dbt=1.8.9
[0m14:56:44.715814 [debug] [MainThread]: running dbt with arguments {'printer_width': '80', 'indirect_selection': 'eager', 'write_json': 'True', 'log_cache_events': 'False', 'partial_parse': 'True', 'cache_selected_only': 'False', 'warn_error': 'None', 'fail_fast': 'False', 'debug': 'False', 'log_path': 'C:\\Users\\Asus\\PycharmProjects\\dbtProject\\logs', 'version_check': 'True', 'profiles_dir': 'C:\\Users\\Asus\\.dbt', 'use_colors': 'True', 'use_experimental_parser': 'False', 'no_print': 'None', 'quiet': 'False', 'empty': 'None', 'log_format': 'default', 'introspect': 'True', 'warn_error_options': 'WarnErrorOptions(include=[], exclude=[])', 'static_parser': 'True', 'target_path': 'None', 'invocation_command': 'dbt init dbtProject', 'send_anonymous_usage_stats': 'True'}
[0m14:56:44.809565 [error] [MainThread]: Encountered an error:
'charmap' codec can't decode byte 0x98 in position 82: character maps to <undefined>
[0m14:56:44.918964 [error] [MainThread]: Traceback (most recent call last):
  File "C:\Users\Asus\PycharmProjects\dbtProject\.venv\Lib\site-packages\dbt\cli\requires.py", line 138, in wrapper
    result, success = func(*args, **kwargs)
                      ^^^^^^^^^^^^^^^^^^^^^
  File "C:\Users\Asus\PycharmProjects\dbtProject\.venv\Lib\site-packages\dbt\cli\requires.py", line 101, in wrapper
    return func(*args, **kwargs)
           ^^^^^^^^^^^^^^^^^^^^^
  File "C:\Users\Asus\PycharmProjects\dbtProject\.venv\Lib\site-packages\dbt\cli\main.py", line 470, in init
    results = task.run()
              ^^^^^^^^^^
  File "C:\Users\Asus\PycharmProjects\dbtProject\.venv\Lib\site-packages\dbt\task\init.py", line 320, in run
    profile_name = self.get_profile_name_from_current_project()
                   ^^^^^^^^^^^^^^^^^^^^^^^^^^^^^^^^^^^^^^^^^^^^
  File "C:\Users\Asus\PycharmProjects\dbtProject\.venv\Lib\site-packages\dbt\task\init.py", line 140, in get_profile_name_from_current_project
    dbt_project = yaml.safe_load(f)
                  ^^^^^^^^^^^^^^^^^
  File "C:\Users\Asus\PycharmProjects\dbtProject\.venv\Lib\site-packages\yaml\__init__.py", line 125, in safe_load
    return load(stream, SafeLoader)
           ^^^^^^^^^^^^^^^^^^^^^^^^
  File "C:\Users\Asus\PycharmProjects\dbtProject\.venv\Lib\site-packages\yaml\__init__.py", line 79, in load
    loader = Loader(stream)
             ^^^^^^^^^^^^^^
  File "C:\Users\Asus\PycharmProjects\dbtProject\.venv\Lib\site-packages\yaml\loader.py", line 34, in __init__
    Reader.__init__(self, stream)
  File "C:\Users\Asus\PycharmProjects\dbtProject\.venv\Lib\site-packages\yaml\reader.py", line 85, in __init__
    self.determine_encoding()
  File "C:\Users\Asus\PycharmProjects\dbtProject\.venv\Lib\site-packages\yaml\reader.py", line 124, in determine_encoding
    self.update_raw()
  File "C:\Users\Asus\PycharmProjects\dbtProject\.venv\Lib\site-packages\yaml\reader.py", line 178, in update_raw
    data = self.stream.read(size)
           ^^^^^^^^^^^^^^^^^^^^^^
  File "C:\Users\Asus\AppData\Local\Programs\Python\Python312\Lib\encodings\cp1251.py", line 23, in decode
    return codecs.charmap_decode(input,self.errors,decoding_table)[0]
           ^^^^^^^^^^^^^^^^^^^^^^^^^^^^^^^^^^^^^^^^^^^^^^^^^^^^^^^
UnicodeDecodeError: 'charmap' codec can't decode byte 0x98 in position 82: character maps to <undefined>

[0m14:56:44.918964 [debug] [MainThread]: Command `dbt init` failed at 14:56:44.918964 after 0.55 seconds
[0m14:56:44.918964 [debug] [MainThread]: Sending event: {'category': 'dbt', 'action': 'invocation', 'label': 'end', 'context': [<snowplow_tracker.self_describing_json.SelfDescribingJson object at 0x000001FB157F5E20>, <snowplow_tracker.self_describing_json.SelfDescribingJson object at 0x000001FB181A4200>, <snowplow_tracker.self_describing_json.SelfDescribingJson object at 0x000001FB17EC9E20>]}
[0m14:56:44.918964 [debug] [MainThread]: Flushing usage events
[0m14:57:06.897017 [debug] [MainThread]: Sending event: {'category': 'dbt', 'action': 'invocation', 'label': 'start', 'context': [<snowplow_tracker.self_describing_json.SelfDescribingJson object at 0x000002388C89D5E0>, <snowplow_tracker.self_describing_json.SelfDescribingJson object at 0x000002388BCC19D0>, <snowplow_tracker.self_describing_json.SelfDescribingJson object at 0x000002388A1E9DC0>]}


============================== 14:57:06.912615 | 10bf55b7-19a5-43dd-8365-f5e9f058c030 ==============================
[0m14:57:06.912615 [info ] [MainThread]: Running with dbt=1.8.9
[0m14:57:06.912615 [debug] [MainThread]: running dbt with arguments {'printer_width': '80', 'indirect_selection': 'eager', 'write_json': 'True', 'log_cache_events': 'False', 'partial_parse': 'True', 'cache_selected_only': 'False', 'warn_error': 'None', 'fail_fast': 'False', 'version_check': 'True', 'log_path': 'C:\\Users\\Asus\\PycharmProjects\\dbtProject\\logs', 'profiles_dir': 'C:\\Users\\Asus\\.dbt', 'debug': 'False', 'use_colors': 'True', 'use_experimental_parser': 'False', 'no_print': 'None', 'quiet': 'False', 'empty': 'None', 'warn_error_options': 'WarnErrorOptions(include=[], exclude=[])', 'introspect': 'True', 'static_parser': 'True', 'invocation_command': 'dbt init dbtProject', 'target_path': 'None', 'log_format': 'default', 'send_anonymous_usage_stats': 'True'}
[0m14:57:07.006369 [error] [MainThread]: Encountered an error:
'charmap' codec can't decode byte 0x98 in position 82: character maps to <undefined>
[0m14:57:07.006369 [error] [MainThread]: Traceback (most recent call last):
  File "C:\Users\Asus\PycharmProjects\dbtProject\.venv\Lib\site-packages\dbt\cli\requires.py", line 138, in wrapper
    result, success = func(*args, **kwargs)
                      ^^^^^^^^^^^^^^^^^^^^^
  File "C:\Users\Asus\PycharmProjects\dbtProject\.venv\Lib\site-packages\dbt\cli\requires.py", line 101, in wrapper
    return func(*args, **kwargs)
           ^^^^^^^^^^^^^^^^^^^^^
  File "C:\Users\Asus\PycharmProjects\dbtProject\.venv\Lib\site-packages\dbt\cli\main.py", line 470, in init
    results = task.run()
              ^^^^^^^^^^
  File "C:\Users\Asus\PycharmProjects\dbtProject\.venv\Lib\site-packages\dbt\task\init.py", line 320, in run
    profile_name = self.get_profile_name_from_current_project()
                   ^^^^^^^^^^^^^^^^^^^^^^^^^^^^^^^^^^^^^^^^^^^^
  File "C:\Users\Asus\PycharmProjects\dbtProject\.venv\Lib\site-packages\dbt\task\init.py", line 140, in get_profile_name_from_current_project
    dbt_project = yaml.safe_load(f)
                  ^^^^^^^^^^^^^^^^^
  File "C:\Users\Asus\PycharmProjects\dbtProject\.venv\Lib\site-packages\yaml\__init__.py", line 125, in safe_load
    return load(stream, SafeLoader)
           ^^^^^^^^^^^^^^^^^^^^^^^^
  File "C:\Users\Asus\PycharmProjects\dbtProject\.venv\Lib\site-packages\yaml\__init__.py", line 79, in load
    loader = Loader(stream)
             ^^^^^^^^^^^^^^
  File "C:\Users\Asus\PycharmProjects\dbtProject\.venv\Lib\site-packages\yaml\loader.py", line 34, in __init__
    Reader.__init__(self, stream)
  File "C:\Users\Asus\PycharmProjects\dbtProject\.venv\Lib\site-packages\yaml\reader.py", line 85, in __init__
    self.determine_encoding()
  File "C:\Users\Asus\PycharmProjects\dbtProject\.venv\Lib\site-packages\yaml\reader.py", line 124, in determine_encoding
    self.update_raw()
  File "C:\Users\Asus\PycharmProjects\dbtProject\.venv\Lib\site-packages\yaml\reader.py", line 178, in update_raw
    data = self.stream.read(size)
           ^^^^^^^^^^^^^^^^^^^^^^
  File "C:\Users\Asus\AppData\Local\Programs\Python\Python312\Lib\encodings\cp1251.py", line 23, in decode
    return codecs.charmap_decode(input,self.errors,decoding_table)[0]
           ^^^^^^^^^^^^^^^^^^^^^^^^^^^^^^^^^^^^^^^^^^^^^^^^^^^^^^^
UnicodeDecodeError: 'charmap' codec can't decode byte 0x98 in position 82: character maps to <undefined>

[0m14:57:07.006369 [debug] [MainThread]: Command `dbt init` failed at 14:57:07.006369 after 0.34 seconds
[0m14:57:07.006369 [debug] [MainThread]: Sending event: {'category': 'dbt', 'action': 'invocation', 'label': 'end', 'context': [<snowplow_tracker.self_describing_json.SelfDescribingJson object at 0x000002388BEA5AC0>, <snowplow_tracker.self_describing_json.SelfDescribingJson object at 0x000002388CCD64B0>, <snowplow_tracker.self_describing_json.SelfDescribingJson object at 0x000002388A8DE150>]}
[0m14:57:07.021995 [debug] [MainThread]: Flushing usage events
[0m14:57:40.211366 [debug] [MainThread]: Sending event: {'category': 'dbt', 'action': 'invocation', 'label': 'start', 'context': [<snowplow_tracker.self_describing_json.SelfDescribingJson object at 0x000001D3372631D0>, <snowplow_tracker.self_describing_json.SelfDescribingJson object at 0x000001D337260470>, <snowplow_tracker.self_describing_json.SelfDescribingJson object at 0x000001D3374DDD30>]}


============================== 14:57:40.211366 | 6b2908d0-fe10-47a0-b1e2-d5432a1fc3e7 ==============================
[0m14:57:40.211366 [info ] [MainThread]: Running with dbt=1.8.9
[0m14:57:40.211366 [debug] [MainThread]: running dbt with arguments {'printer_width': '80', 'indirect_selection': 'eager', 'log_cache_events': 'False', 'write_json': 'True', 'partial_parse': 'True', 'cache_selected_only': 'False', 'warn_error': 'None', 'fail_fast': 'False', 'version_check': 'True', 'log_path': 'C:\\Users\\Asus\\PycharmProjects\\dbtProject\\logs', 'debug': 'False', 'profiles_dir': 'C:\\Users\\Asus\\.dbt', 'use_colors': 'True', 'use_experimental_parser': 'False', 'no_print': 'None', 'quiet': 'False', 'empty': 'None', 'log_format': 'default', 'introspect': 'True', 'invocation_command': 'dbt init', 'warn_error_options': 'WarnErrorOptions(include=[], exclude=[])', 'target_path': 'None', 'static_parser': 'True', 'send_anonymous_usage_stats': 'True'}
[0m14:57:40.320740 [error] [MainThread]: Encountered an error:
'charmap' codec can't decode byte 0x98 in position 82: character maps to <undefined>
[0m14:57:40.320740 [error] [MainThread]: Traceback (most recent call last):
  File "C:\Users\Asus\PycharmProjects\dbtProject\.venv\Lib\site-packages\dbt\cli\requires.py", line 138, in wrapper
    result, success = func(*args, **kwargs)
                      ^^^^^^^^^^^^^^^^^^^^^
  File "C:\Users\Asus\PycharmProjects\dbtProject\.venv\Lib\site-packages\dbt\cli\requires.py", line 101, in wrapper
    return func(*args, **kwargs)
           ^^^^^^^^^^^^^^^^^^^^^
  File "C:\Users\Asus\PycharmProjects\dbtProject\.venv\Lib\site-packages\dbt\cli\main.py", line 470, in init
    results = task.run()
              ^^^^^^^^^^
  File "C:\Users\Asus\PycharmProjects\dbtProject\.venv\Lib\site-packages\dbt\task\init.py", line 320, in run
    profile_name = self.get_profile_name_from_current_project()
                   ^^^^^^^^^^^^^^^^^^^^^^^^^^^^^^^^^^^^^^^^^^^^
  File "C:\Users\Asus\PycharmProjects\dbtProject\.venv\Lib\site-packages\dbt\task\init.py", line 140, in get_profile_name_from_current_project
    dbt_project = yaml.safe_load(f)
                  ^^^^^^^^^^^^^^^^^
  File "C:\Users\Asus\PycharmProjects\dbtProject\.venv\Lib\site-packages\yaml\__init__.py", line 125, in safe_load
    return load(stream, SafeLoader)
           ^^^^^^^^^^^^^^^^^^^^^^^^
  File "C:\Users\Asus\PycharmProjects\dbtProject\.venv\Lib\site-packages\yaml\__init__.py", line 79, in load
    loader = Loader(stream)
             ^^^^^^^^^^^^^^
  File "C:\Users\Asus\PycharmProjects\dbtProject\.venv\Lib\site-packages\yaml\loader.py", line 34, in __init__
    Reader.__init__(self, stream)
  File "C:\Users\Asus\PycharmProjects\dbtProject\.venv\Lib\site-packages\yaml\reader.py", line 85, in __init__
    self.determine_encoding()
  File "C:\Users\Asus\PycharmProjects\dbtProject\.venv\Lib\site-packages\yaml\reader.py", line 124, in determine_encoding
    self.update_raw()
  File "C:\Users\Asus\PycharmProjects\dbtProject\.venv\Lib\site-packages\yaml\reader.py", line 178, in update_raw
    data = self.stream.read(size)
           ^^^^^^^^^^^^^^^^^^^^^^
  File "C:\Users\Asus\AppData\Local\Programs\Python\Python312\Lib\encodings\cp1251.py", line 23, in decode
    return codecs.charmap_decode(input,self.errors,decoding_table)[0]
           ^^^^^^^^^^^^^^^^^^^^^^^^^^^^^^^^^^^^^^^^^^^^^^^^^^^^^^^
UnicodeDecodeError: 'charmap' codec can't decode byte 0x98 in position 82: character maps to <undefined>

[0m14:57:40.336373 [debug] [MainThread]: Command `dbt init` failed at 14:57:40.336373 after 0.32 seconds
[0m14:57:40.336373 [debug] [MainThread]: Sending event: {'category': 'dbt', 'action': 'invocation', 'label': 'end', 'context': [<snowplow_tracker.self_describing_json.SelfDescribingJson object at 0x000001D3374DD8E0>, <snowplow_tracker.self_describing_json.SelfDescribingJson object at 0x000001D3375AFFB0>, <snowplow_tracker.self_describing_json.SelfDescribingJson object at 0x000001D3360FDA90>]}
[0m14:57:40.336373 [debug] [MainThread]: Flushing usage events
[0m15:00:35.441843 [debug] [MainThread]: Sending event: {'category': 'dbt', 'action': 'invocation', 'label': 'start', 'context': [<snowplow_tracker.self_describing_json.SelfDescribingJson object at 0x0000023EB97B5DF0>, <snowplow_tracker.self_describing_json.SelfDescribingJson object at 0x0000023EBB9BBA70>, <snowplow_tracker.self_describing_json.SelfDescribingJson object at 0x0000023EBB2B1880>]}


============================== 15:00:35.457486 | b5f6f39f-2f0b-4f0b-9105-756f74981ffd ==============================
[0m15:00:35.457486 [info ] [MainThread]: Running with dbt=1.8.9
[0m15:00:35.457486 [debug] [MainThread]: running dbt with arguments {'printer_width': '80', 'indirect_selection': 'eager', 'write_json': 'True', 'log_cache_events': 'False', 'partial_parse': 'True', 'cache_selected_only': 'False', 'profiles_dir': 'C:\\Users\\Asus\\.dbt', 'version_check': 'True', 'fail_fast': 'False', 'log_path': 'logs', 'debug': 'False', 'warn_error': 'None', 'use_colors': 'True', 'use_experimental_parser': 'False', 'empty': 'None', 'quiet': 'False', 'no_print': 'None', 'warn_error_options': 'WarnErrorOptions(include=[], exclude=[])', 'introspect': 'True', 'static_parser': 'True', 'log_format': 'default', 'target_path': 'None', 'invocation_command': 'dbt init', 'send_anonymous_usage_stats': 'True'}
[0m15:04:36.455159 [debug] [MainThread]: Starter project path: C:\Users\Asus\PycharmProjects\dbtProject\.venv\Lib\site-packages\dbt\include\starter_project
[0m15:04:36.517610 [info ] [MainThread]: 
Your new dbt project "my_dbt_project" was created!

For more information on how to configure the profiles.yml file,
please consult the dbt documentation here:

  https://docs.getdbt.com/docs/configure-your-profile

One more thing:

Need help? Don't hesitate to reach out to us via GitHub issues or on Slack:

  https://community.getdbt.com/

Happy modeling!

[0m15:04:36.517610 [info ] [MainThread]: Setting up your profile.
[0m15:06:19.221451 [info ] [MainThread]: Profile my_dbt_project written to C:\Users\Asus\.dbt\profiles.yml using target's profile_template.yml and your supplied values. Run 'dbt debug' to validate the connection.
[0m15:06:19.237001 [debug] [MainThread]: Command `dbt init` succeeded at 15:06:19.237001 after 344.09 seconds
[0m15:06:19.237001 [debug] [MainThread]: Sending event: {'category': 'dbt', 'action': 'invocation', 'label': 'end', 'context': [<snowplow_tracker.self_describing_json.SelfDescribingJson object at 0x0000023EB97B5DF0>, <snowplow_tracker.self_describing_json.SelfDescribingJson object at 0x0000023EBCA9F800>, <snowplow_tracker.self_describing_json.SelfDescribingJson object at 0x0000023EBC560410>]}
[0m15:06:19.237001 [debug] [MainThread]: Flushing usage events
[0m15:07:17.353266 [debug] [MainThread]: Sending event: {'category': 'dbt', 'action': 'invocation', 'label': 'start', 'context': [<snowplow_tracker.self_describing_json.SelfDescribingJson object at 0x000001842580C590>, <snowplow_tracker.self_describing_json.SelfDescribingJson object at 0x0000018425266900>, <snowplow_tracker.self_describing_json.SelfDescribingJson object at 0x0000018426FD1F10>]}


============================== 15:07:17.353266 | de852615-d249-40d2-b16c-48634d1d66c0 ==============================
[0m15:07:17.353266 [info ] [MainThread]: Running with dbt=1.8.9
[0m15:07:17.353266 [debug] [MainThread]: running dbt with arguments {'printer_width': '80', 'indirect_selection': 'eager', 'write_json': 'True', 'log_cache_events': 'False', 'partial_parse': 'True', 'cache_selected_only': 'False', 'profiles_dir': 'C:\\Users\\Asus\\.dbt', 'fail_fast': 'False', 'debug': 'False', 'log_path': 'logs', 'version_check': 'True', 'warn_error': 'None', 'use_colors': 'True', 'use_experimental_parser': 'False', 'empty': 'None', 'quiet': 'False', 'no_print': 'None', 'log_format': 'default', 'invocation_command': 'dbt debug', 'introspect': 'True', 'warn_error_options': 'WarnErrorOptions(include=[], exclude=[])', 'target_path': 'None', 'static_parser': 'True', 'send_anonymous_usage_stats': 'True'}
[0m15:07:17.462643 [info ] [MainThread]: dbt version: 1.8.9
[0m15:07:17.462643 [info ] [MainThread]: python version: 3.12.8
[0m15:07:17.462643 [info ] [MainThread]: python path: C:\Users\Asus\PycharmProjects\dbtProject\.venv\Scripts\python.exe
[0m15:07:17.478265 [info ] [MainThread]: os info: Windows-10-10.0.19045-SP0
[0m15:07:18.722504 [info ] [MainThread]: Using profiles dir at C:\Users\Asus\.dbt
[0m15:07:18.724505 [info ] [MainThread]: Using profiles.yml file at C:\Users\Asus\.dbt\profiles.yml
[0m15:07:18.725509 [info ] [MainThread]: Using dbt_project.yml file at C:\Users\Asus\PycharmProjects\dbtProject\dbt_project.yml
[0m15:07:18.726504 [info ] [MainThread]: Configuration:
[0m15:07:18.727504 [info ] [MainThread]:   profiles.yml file [[31mERROR invalid[0m]
[0m15:07:18.729505 [info ] [MainThread]:   dbt_project.yml file [[31mERROR not found[0m]
[0m15:07:18.731520 [info ] [MainThread]: Required dependencies:
[0m15:07:18.733061 [debug] [MainThread]: Executing "git --help"
[0m15:07:18.824082 [debug] [MainThread]: STDOUT: "b"usage: git [-v | --version] [-h | --help] [-C <path>] [-c <name>=<value>]\n           [--exec-path[=<path>]] [--html-path] [--man-path] [--info-path]\n           [-p | --paginate | -P | --no-pager] [--no-replace-objects] [--no-lazy-fetch]\n           [--no-optional-locks] [--no-advice] [--bare] [--git-dir=<path>]\n           [--work-tree=<path>] [--namespace=<name>] [--config-env=<name>=<envvar>]\n           <command> [<args>]\n\nThese are common Git commands used in various situations:\n\nstart a working area (see also: git help tutorial)\n   clone      Clone a repository into a new directory\n   init       Create an empty Git repository or reinitialize an existing one\n\nwork on the current change (see also: git help everyday)\n   add        Add file contents to the index\n   mv         Move or rename a file, a directory, or a symlink\n   restore    Restore working tree files\n   rm         Remove files from the working tree and from the index\n\nexamine the history and state (see also: git help revisions)\n   bisect     Use binary search to find the commit that introduced a bug\n   diff       Show changes between commits, commit and working tree, etc\n   grep       Print lines matching a pattern\n   log        Show commit logs\n   show       Show various types of objects\n   status     Show the working tree status\n\ngrow, mark and tweak your common history\n   backfill   Download missing objects in a partial clone\n   branch     List, create, or delete branches\n   commit     Record changes to the repository\n   merge      Join two or more development histories together\n   rebase     Reapply commits on top of another base tip\n   reset      Reset current HEAD to the specified state\n   switch     Switch branches\n   tag        Create, list, delete or verify a tag object signed with GPG\n\ncollaborate (see also: git help workflows)\n   fetch      Download objects and refs from another repository\n   pull       Fetch from and integrate with another repository or a local branch\n   push       Update remote refs along with associated objects\n\n'git help -a' and 'git help -g' list available subcommands and some\nconcept guides. See 'git help <command>' or 'git help <concept>'\nto read about a specific subcommand or concept.\nSee 'git help git' for an overview of the system.\n""
[0m15:07:18.825085 [debug] [MainThread]: STDERR: "b''"
[0m15:07:18.826084 [info ] [MainThread]:  - git [[32mOK found[0m]

[0m15:07:18.828081 [info ] [MainThread]: Connection test skipped since no profile was found
[0m15:07:18.831084 [info ] [MainThread]: [31m2 checks failed:[0m
[0m15:07:18.835385 [info ] [MainThread]: Could not load dbt_project.yml
Profile loading failed for the following reason:
Runtime Error
  Credentials in profile "my_dbt_project", target "dev" invalid: 'schema' is a required property


[0m15:07:18.837386 [info ] [MainThread]: Project loading failed for the following reason:
 project path <C:\Users\Asus\PycharmProjects\dbtProject\dbt_project.yml> not found

[0m15:07:18.841390 [debug] [MainThread]: Command `dbt debug` failed at 15:07:18.841390 after 1.91 seconds
[0m15:07:18.842388 [debug] [MainThread]: Sending event: {'category': 'dbt', 'action': 'invocation', 'label': 'end', 'context': [<snowplow_tracker.self_describing_json.SelfDescribingJson object at 0x000001842580C590>, <snowplow_tracker.self_describing_json.SelfDescribingJson object at 0x000001842766BAD0>, <snowplow_tracker.self_describing_json.SelfDescribingJson object at 0x0000018428820E00>]}
[0m15:07:18.843385 [debug] [MainThread]: Flushing usage events
[0m15:08:29.292067 [debug] [MainThread]: Sending event: {'category': 'dbt', 'action': 'invocation', 'label': 'start', 'context': [<snowplow_tracker.self_describing_json.SelfDescribingJson object at 0x000001DCB0765E50>, <snowplow_tracker.self_describing_json.SelfDescribingJson object at 0x000001DCAF826F90>, <snowplow_tracker.self_describing_json.SelfDescribingJson object at 0x000001DCB30DAE40>]}


============================== 15:08:29.292067 | d8e88833-d735-49ac-973e-7f29cc393cdd ==============================
[0m15:08:29.292067 [info ] [MainThread]: Running with dbt=1.8.9
[0m15:08:29.292067 [debug] [MainThread]: running dbt with arguments {'printer_width': '80', 'indirect_selection': 'eager', 'log_cache_events': 'False', 'write_json': 'True', 'partial_parse': 'True', 'cache_selected_only': 'False', 'warn_error': 'None', 'fail_fast': 'False', 'version_check': 'True', 'log_path': 'logs', 'debug': 'False', 'profiles_dir': 'C:\\Users\\Asus\\.dbt', 'use_colors': 'True', 'use_experimental_parser': 'False', 'empty': 'None', 'quiet': 'False', 'no_print': 'None', 'log_format': 'default', 'static_parser': 'True', 'introspect': 'True', 'invocation_command': 'dbt debug', 'target_path': 'None', 'warn_error_options': 'WarnErrorOptions(include=[], exclude=[])', 'send_anonymous_usage_stats': 'True'}
[0m15:08:29.401465 [info ] [MainThread]: dbt version: 1.8.9
[0m15:08:29.401465 [info ] [MainThread]: python version: 3.12.8
[0m15:08:29.401465 [info ] [MainThread]: python path: C:\Users\Asus\PycharmProjects\dbtProject\.venv\Scripts\python.exe
[0m15:08:29.401465 [info ] [MainThread]: os info: Windows-10-10.0.19045-SP0
[0m15:08:30.105100 [info ] [MainThread]: Using profiles dir at C:\Users\Asus\.dbt
[0m15:08:30.105100 [info ] [MainThread]: Using profiles.yml file at C:\Users\Asus\.dbt\profiles.yml
[0m15:08:30.105100 [info ] [MainThread]: Using dbt_project.yml file at C:\Users\Asus\PycharmProjects\dbtProject\dbt_project.yml
[0m15:08:30.105100 [info ] [MainThread]: Configuration:
[0m15:08:30.122011 [info ] [MainThread]:   profiles.yml file [[31mERROR invalid[0m]
[0m15:08:30.122011 [info ] [MainThread]:   dbt_project.yml file [[31mERROR not found[0m]
[0m15:08:30.122011 [info ] [MainThread]: Required dependencies:
[0m15:08:30.122011 [debug] [MainThread]: Executing "git --help"
[0m15:08:30.201289 [debug] [MainThread]: STDOUT: "b"usage: git [-v | --version] [-h | --help] [-C <path>] [-c <name>=<value>]\n           [--exec-path[=<path>]] [--html-path] [--man-path] [--info-path]\n           [-p | --paginate | -P | --no-pager] [--no-replace-objects] [--no-lazy-fetch]\n           [--no-optional-locks] [--no-advice] [--bare] [--git-dir=<path>]\n           [--work-tree=<path>] [--namespace=<name>] [--config-env=<name>=<envvar>]\n           <command> [<args>]\n\nThese are common Git commands used in various situations:\n\nstart a working area (see also: git help tutorial)\n   clone      Clone a repository into a new directory\n   init       Create an empty Git repository or reinitialize an existing one\n\nwork on the current change (see also: git help everyday)\n   add        Add file contents to the index\n   mv         Move or rename a file, a directory, or a symlink\n   restore    Restore working tree files\n   rm         Remove files from the working tree and from the index\n\nexamine the history and state (see also: git help revisions)\n   bisect     Use binary search to find the commit that introduced a bug\n   diff       Show changes between commits, commit and working tree, etc\n   grep       Print lines matching a pattern\n   log        Show commit logs\n   show       Show various types of objects\n   status     Show the working tree status\n\ngrow, mark and tweak your common history\n   backfill   Download missing objects in a partial clone\n   branch     List, create, or delete branches\n   commit     Record changes to the repository\n   merge      Join two or more development histories together\n   rebase     Reapply commits on top of another base tip\n   reset      Reset current HEAD to the specified state\n   switch     Switch branches\n   tag        Create, list, delete or verify a tag object signed with GPG\n\ncollaborate (see also: git help workflows)\n   fetch      Download objects and refs from another repository\n   pull       Fetch from and integrate with another repository or a local branch\n   push       Update remote refs along with associated objects\n\n'git help -a' and 'git help -g' list available subcommands and some\nconcept guides. See 'git help <command>' or 'git help <concept>'\nto read about a specific subcommand or concept.\nSee 'git help git' for an overview of the system.\n""
[0m15:08:30.201289 [debug] [MainThread]: STDERR: "b''"
[0m15:08:30.201289 [info ] [MainThread]:  - git [[32mOK found[0m]

[0m15:08:30.201289 [info ] [MainThread]: Connection test skipped since no profile was found
[0m15:08:30.201289 [info ] [MainThread]: [31m2 checks failed:[0m
[0m15:08:30.201289 [info ] [MainThread]: Could not load dbt_project.yml
Profile loading failed for the following reason:
Runtime Error
  Credentials in profile "my_dbt_project", target "dev" invalid: 'schema' is a required property


[0m15:08:30.201289 [info ] [MainThread]: Project loading failed for the following reason:
 project path <C:\Users\Asus\PycharmProjects\dbtProject\dbt_project.yml> not found

[0m15:08:30.201289 [debug] [MainThread]: Command `dbt debug` failed at 15:08:30.201289 after 1.15 seconds
[0m15:08:30.201289 [debug] [MainThread]: Sending event: {'category': 'dbt', 'action': 'invocation', 'label': 'end', 'context': [<snowplow_tracker.self_describing_json.SelfDescribingJson object at 0x000001DCB315D370>, <snowplow_tracker.self_describing_json.SelfDescribingJson object at 0x000001DCB2904890>, <snowplow_tracker.self_describing_json.SelfDescribingJson object at 0x000001DCB2F5D8B0>]}
[0m15:08:30.201289 [debug] [MainThread]: Flushing usage events
